# project  configured on Mon Dec 12 11:26:21 2016 by
# waf 1.9.6 (abi 99, python 2070cf0 on linux2)
# using /home/c/development/waf/waf configure --prefix=/home/c/development/rtems/rtems-4.12 --rtems-bsps=arm/beagleboneblack
#
----------------------------------------
Setting top to
/home/c/development/rtems/rtems-libbsd
----------------------------------------
Setting out to
/home/c/development/rtems/rtems-libbsd/build
-----------------------------------------
----------------------------------------
RTEMS Version
4.12
----------------------------------------
Architectures
arm-rtems4.12
----------------------------------------
Board Support Package
arm-rtems4.12-beagleboneblack
----------------------------------------
Show commands
no
----------------------------------------
Long commands
no
----------------------------------------
Checking for program 'arm-rtems4.12-gcc'
/home/c/development/rtems/rtems-4.12/bin/arm-rtems4.12-gcc
find program=['arm-rtems4.12-gcc'] paths=['/home/c/development/rtems/rtems-4.12/bin', '/home/c/development/rtems/rtems-4.12/bin'] var='ARM_RTEMS4_12_GCC' -> ['/home/c/development/rtems/rtems-4.12/bin/arm-rtems4.12-gcc']
----------------------------------------
Checking for program 'arm-rtems4.12-g++'
/home/c/development/rtems/rtems-4.12/bin/arm-rtems4.12-g++
find program=['arm-rtems4.12-g++'] paths=['/home/c/development/rtems/rtems-4.12/bin', '/home/c/development/rtems/rtems-4.12/bin'] var='ARM_RTEMS4_12_G++' -> ['/home/c/development/rtems/rtems-4.12/bin/arm-rtems4.12-g++']
----------------------------------------
Checking for program 'arm-rtems4.12-gcc'
/home/c/development/rtems/rtems-4.12/bin/arm-rtems4.12-gcc
find program=['arm-rtems4.12-gcc'] paths=['/home/c/development/rtems/rtems-4.12/bin', '/home/c/development/rtems/rtems-4.12/bin'] var='ARM_RTEMS4_12_GCC' -> ['/home/c/development/rtems/rtems-4.12/bin/arm-rtems4.12-gcc']
----------------------------------------
Checking for program 'arm-rtems4.12-ld'
/home/c/development/rtems/rtems-4.12/bin/arm-rtems4.12-ld
find program=['arm-rtems4.12-ld'] paths=['/home/c/development/rtems/rtems-4.12/bin', '/home/c/development/rtems/rtems-4.12/bin'] var='ARM_RTEMS4_12_LD' -> ['/home/c/development/rtems/rtems-4.12/bin/arm-rtems4.12-ld']
----------------------------------------
Checking for program 'arm-rtems4.12-ar'
/home/c/development/rtems/rtems-4.12/bin/arm-rtems4.12-ar
find program=['arm-rtems4.12-ar'] paths=['/home/c/development/rtems/rtems-4.12/bin', '/home/c/development/rtems/rtems-4.12/bin'] var='ARM_RTEMS4_12_AR' -> ['/home/c/development/rtems/rtems-4.12/bin/arm-rtems4.12-ar']
----------------------------------------
Checking for program 'arm-rtems4.12-nm'
/home/c/development/rtems/rtems-4.12/bin/arm-rtems4.12-nm
find program=['arm-rtems4.12-nm'] paths=['/home/c/development/rtems/rtems-4.12/bin', '/home/c/development/rtems/rtems-4.12/bin'] var='ARM_RTEMS4_12_NM' -> ['/home/c/development/rtems/rtems-4.12/bin/arm-rtems4.12-nm']
--------------------------------------------
Checking for program 'arm-rtems4.12-objdump'
/home/c/development/rtems/rtems-4.12/bin/arm-rtems4.12-objdump
find program=['arm-rtems4.12-objdump'] paths=['/home/c/development/rtems/rtems-4.12/bin', '/home/c/development/rtems/rtems-4.12/bin'] var='ARM_RTEMS4_12_OBJDUMP' -> ['/home/c/development/rtems/rtems-4.12/bin/arm-rtems4.12-objdump']
--------------------------------------------
Checking for program 'arm-rtems4.12-objcopy'
/home/c/development/rtems/rtems-4.12/bin/arm-rtems4.12-objcopy
find program=['arm-rtems4.12-objcopy'] paths=['/home/c/development/rtems/rtems-4.12/bin', '/home/c/development/rtems/rtems-4.12/bin'] var='ARM_RTEMS4_12_OBJCOPY' -> ['/home/c/development/rtems/rtems-4.12/bin/arm-rtems4.12-objcopy']
--------------------------------------------
Checking for program 'arm-rtems4.12-readelf'
/home/c/development/rtems/rtems-4.12/bin/arm-rtems4.12-readelf
find program=['arm-rtems4.12-readelf'] paths=['/home/c/development/rtems/rtems-4.12/bin', '/home/c/development/rtems/rtems-4.12/bin'] var='ARM_RTEMS4_12_READELF' -> ['/home/c/development/rtems/rtems-4.12/bin/arm-rtems4.12-readelf']
--------------------------------------------
Checking for program 'arm-rtems4.12-strip'
/home/c/development/rtems/rtems-4.12/bin/arm-rtems4.12-strip
find program=['arm-rtems4.12-strip'] paths=['/home/c/development/rtems/rtems-4.12/bin', '/home/c/development/rtems/rtems-4.12/bin'] var='ARM_RTEMS4_12_STRIP' -> ['/home/c/development/rtems/rtems-4.12/bin/arm-rtems4.12-strip']
--------------------------------------------
Checking for program 'rtems-ld'
/home/c/development/rtems/rtems-4.12/bin/rtems-ld
find program=['rtems-ld'] paths=['/home/c/development/rtems/rtems-4.12/bin', '/home/c/development/rtems/rtems-4.12/bin'] var='RTEMS_LD' -> ['/home/c/development/rtems/rtems-4.12/bin/rtems-ld']
--------------------------------------------
Checking for program 'rtems-tld'
/home/c/development/rtems/rtems-4.12/bin/rtems-tld
find program=['rtems-tld'] paths=['/home/c/development/rtems/rtems-4.12/bin', '/home/c/development/rtems/rtems-4.12/bin'] var='RTEMS_TLD' -> ['/home/c/development/rtems/rtems-4.12/bin/rtems-tld']
--------------------------------------------
Checking for program 'rtems-bin2c'
/home/c/development/rtems/rtems-4.12/bin/rtems-bin2c
find program=['rtems-bin2c'] paths=['/home/c/development/rtems/rtems-4.12/bin', '/home/c/development/rtems/rtems-4.12/bin'] var='RTEMS_BIN2C' -> ['/home/c/development/rtems/rtems-4.12/bin/rtems-bin2c']
--------------------------------------------
Checking for program 'tar'
/bin/tar
find program=['tar'] paths=['/home/c/bin', '/home/c/.local/bin', '/home/c/development/rtems/rtems-4.12/bin', '/home/c/development/waf', '/usr/local/sbin', '/usr/local/bin', '/usr/sbin', '/usr/bin', '/sbin', '/bin', '/usr/games', '/usr/local/games', '/snap/bin'] var='TAR' -> ['/bin/tar']
--------------------------------------------
Checking for program 'gcc, cc'
/home/c/development/rtems/rtems-4.12/bin/arm-rtems4.12-gcc
find program=['gcc', 'cc'] paths=['/home/c/bin', '/home/c/.local/bin', '/home/c/development/rtems/rtems-4.12/bin', '/home/c/development/waf', '/usr/local/sbin', '/usr/local/bin', '/usr/sbin', '/usr/bin', '/sbin', '/bin', '/usr/games', '/usr/local/games', '/snap/bin'] var='CC' -> ['/home/c/development/rtems/rtems-4.12/bin/arm-rtems4.12-gcc']
['/home/c/development/rtems/rtems-4.12/bin/arm-rtems4.12-gcc', '-dM', '-E', '-']
out: #define __DBL_MIN_EXP__ (-1021)
#define __HQ_FBIT__ 15
#define __UINT_LEAST16_MAX__ 0xffff
#define __ARM_SIZEOF_WCHAR_T 4
#define __ATOMIC_ACQUIRE 2
#define __SFRACT_IBIT__ 0
#define __FLT_MIN__ 1.1754943508222875e-38F
#define __GCC_IEC_559_COMPLEX 0
#define __UFRACT_MAX__ 0XFFFFP-16UR
#define __UINT_LEAST8_TYPE__ unsigned char
#define __DQ_FBIT__ 63
#define __INTMAX_C(c) c ## LL
#define __ULFRACT_FBIT__ 32
#define __SACCUM_EPSILON__ 0x1P-7HK
#define __CHAR_BIT__ 8
#define __USQ_IBIT__ 0
#define __UINT8_MAX__ 0xff
#define __ACCUM_FBIT__ 15
#define __WINT_MAX__ 0xffffffffU
#define __USFRACT_FBIT__ 8
#define __ORDER_LITTLE_ENDIAN__ 1234
#define __SIZE_MAX__ 0xffffffffU
#define __ARM_ARCH_ISA_ARM 1
#define __WCHAR_MAX__ 0xffffffffU
#define __LACCUM_IBIT__ 32
#define __DBL_DENORM_MIN__ ((double)4.9406564584124654e-324L)
#define __GCC_ATOMIC_CHAR_LOCK_FREE 1
#define __GCC_IEC_559 0
#define __FLT_EVAL_METHOD__ 0
#define __LLACCUM_MAX__ 0X7FFFFFFFFFFFFFFFP-31LLK
#define __GCC_ATOMIC_CHAR32_T_LOCK_FREE 1
#define __FRACT_FBIT__ 15
#define __UINT_FAST64_MAX__ 0xffffffffffffffffULL
#define __SIG_ATOMIC_TYPE__ int
#define __UACCUM_FBIT__ 16
#define __DBL_MIN_10_EXP__ (-307)
#define __FINITE_MATH_ONLY__ 0
#define __ARMEL__ 1
#define __LFRACT_IBIT__ 0
#define __GNUC_PATCHLEVEL__ 1
#define __LFRACT_MAX__ 0X7FFFFFFFP-31LR
#define __UINT_FAST8_MAX__ 0xffffffffU
#define __has_include(STR) __has_include__(STR)
#define __DEC64_MAX_EXP__ 385
#define __INT8_C(c) c
#define __UINT_LEAST64_MAX__ 0xffffffffffffffffULL
#define __SA_FBIT__ 15
#define __SHRT_MAX__ 0x7fff
#define __LDBL_MAX__ 1.7976931348623157e+308L
#define __FRACT_MAX__ 0X7FFFP-15R
#define __UFRACT_FBIT__ 16
#define __UFRACT_MIN__ 0.0UR
#define __UINT_LEAST8_MAX__ 0xff
#define __GCC_ATOMIC_BOOL_LOCK_FREE 1
#define __UINTMAX_TYPE__ long long unsigned int
#define __LLFRACT_EPSILON__ 0x1P-63LLR
#define __DEC32_EPSILON__ 1E-6DF
#define __CHAR_UNSIGNED__ 1
#define __UINT32_MAX__ 0xffffffffUL
#define __ULFRACT_MAX__ 0XFFFFFFFFP-32ULR
#define __TA_IBIT__ 64
#define __LDBL_MAX_EXP__ 1024
#define __WINT_MIN__ 0U
#define __ULLFRACT_MIN__ 0.0ULLR
#define __SCHAR_MAX__ 0x7f
#define __WCHAR_MIN__ 0U
#define __INT64_C(c) c ## LL
#define __DBL_DIG__ 15
#define __GCC_ATOMIC_POINTER_LOCK_FREE 1
#define __LLACCUM_MIN__ (-0X1P31LLK-0X1P31LLK)
#define __SIZEOF_INT__ 4
#define __SIZEOF_POINTER__ 4
#define __USACCUM_IBIT__ 8
#define __USER_LABEL_PREFIX__ 
#define __STDC_HOSTED__ 1
#define __LDBL_HAS_INFINITY__ 1
#define __LFRACT_MIN__ (-0.5LR-0.5LR)
#define __HA_IBIT__ 8
#define __TQ_IBIT__ 0
#define __FLT_EPSILON__ 1.1920928955078125e-7F
#define __APCS_32__ 1
#define __USFRACT_IBIT__ 0
#define __LDBL_MIN__ 2.2250738585072014e-308L
#define __STDC_UTF_16__ 1
#define __FRACT_MIN__ (-0.5R-0.5R)
#define __DEC32_MAX__ 9.999999E96DF
#define __DA_IBIT__ 32
#define __ARM_SIZEOF_MINIMAL_ENUM 1
#define __INT32_MAX__ 0x7fffffffL
#define __UQQ_FBIT__ 8
#define __SIZEOF_LONG__ 4
#define __UACCUM_MAX__ 0XFFFFFFFFP-16UK
#define __UINT16_C(c) c
#define __DECIMAL_DIG__ 17
#define __LFRACT_EPSILON__ 0x1P-31LR
#define __ULFRACT_MIN__ 0.0ULR
#define __has_include_next(STR) __has_include_next__(STR)
#define __LDBL_HAS_QUIET_NAN__ 1
#define __ULACCUM_IBIT__ 32
#define __UACCUM_EPSILON__ 0x1P-16UK
#define __GNUC__ 6
#define __ULLACCUM_MAX__ 0XFFFFFFFFFFFFFFFFP-32ULLK
#define __HQ_IBIT__ 0
#define __FLT_HAS_DENORM__ 1
#define __SIZEOF_LONG_DOUBLE__ 8
#define __BIGGEST_ALIGNMENT__ 8
#define __GNUC_STDC_INLINE__ 1
#define __DQ_IBIT__ 0
#define __DBL_MAX__ ((double)1.7976931348623157e+308L)
#define __ULFRACT_IBIT__ 0
#define __INT_FAST32_MAX__ 0x7fffffff
#define __DBL_HAS_INFINITY__ 1
#define __ACCUM_IBIT__ 16
#define __DEC32_MIN_EXP__ (-94)
#define __THUMB_INTERWORK__ 1
#define __LACCUM_MAX__ 0X7FFFFFFFFFFFFFFFP-31LK
#define __INT_FAST16_TYPE__ int
#define __LDBL_HAS_DENORM__ 1
#define __DEC128_MAX__ 9.999999999999999999999999999999999E6144DL
#define __INT_LEAST32_MAX__ 0x7fffffffL
#define __ARM_PCS 1
#define __DEC32_MIN__ 1E-95DF
#define __ACCUM_MAX__ 0X7FFFFFFFP-15K
#define __DBL_MAX_EXP__ 1024
#define __USACCUM_EPSILON__ 0x1P-8UHK
#define __DEC128_EPSILON__ 1E-33DL
#define __SFRACT_MAX__ 0X7FP-7HR
#define __FRACT_IBIT__ 0
#define __PTRDIFF_MAX__ 0x7fffffff
#define __UACCUM_MIN__ 0.0UK
#define __UACCUM_IBIT__ 16
#define __LONG_LONG_MAX__ 0x7fffffffffffffffLL
#define __SIZEOF_SIZE_T__ 4
#define __ULACCUM_MAX__ 0XFFFFFFFFFFFFFFFFP-32ULK
#define __SIZEOF_WINT_T__ 4
#define __SA_IBIT__ 16
#define __ULLACCUM_MIN__ 0.0ULLK
#define __GXX_ABI_VERSION 1010
#define __UTA_FBIT__ 64
#define __SOFTFP__ 1
#define __FLT_MIN_EXP__ (-125)
#define __USFRACT_MAX__ 0XFFP-8UHR
#define __UFRACT_IBIT__ 0
#define __INT_FAST64_TYPE__ long long int
#define __DBL_MIN__ ((double)2.2250738585072014e-308L)
#define __USE_INIT_FINI__ 1
#define __LACCUM_MIN__ (-0X1P31LK-0X1P31LK)
#define __ULLACCUM_FBIT__ 32
#define __GXX_TYPEINFO_EQUALITY_INLINE 0
#define __ULLFRACT_EPSILON__ 0x1P-64ULLR
#define __USES_INITFINI__ 1
#define __DEC128_MIN__ 1E-6143DL
#define __REGISTER_PREFIX__ 
#define __UINT16_MAX__ 0xffff
#define __DBL_HAS_DENORM__ 1
#define __ACCUM_MIN__ (-0X1P15K-0X1P15K)
#define __SQ_IBIT__ 0
#define __UINT8_TYPE__ unsigned char
#define __UHA_FBIT__ 8
#define __NO_INLINE__ 1
#define __SFRACT_MIN__ (-0.5HR-0.5HR)
#define __UTQ_FBIT__ 128
#define __FLT_MANT_DIG__ 24
#define __VERSION__ "6.2.1 20161110 (RTEMS 4.12, RSB 1c68dbb293922863d5f48ec05559b0fc4b4ea893-modified, Newlib 2.4.0.20161025)"
#define __UINT64_C(c) c ## ULL
#define __ULLFRACT_FBIT__ 64
#define __FRACT_EPSILON__ 0x1P-15R
#define __ULACCUM_MIN__ 0.0ULK
#define __UDA_FBIT__ 32
#define __LLACCUM_EPSILON__ 0x1P-31LLK
#define __GCC_ATOMIC_INT_LOCK_FREE 1
#define __FLOAT_WORD_ORDER__ __ORDER_LITTLE_ENDIAN__
#define __USFRACT_MIN__ 0.0UHR
#define __UQQ_IBIT__ 0
#define __INT32_C(c) c ## L
#define __DEC64_EPSILON__ 1E-15DD
#define __ORDER_PDP_ENDIAN__ 3412
#define __DEC128_MIN_EXP__ (-6142)
#define __UHQ_FBIT__ 16
#define __LLACCUM_FBIT__ 31
#define __INT_FAST32_TYPE__ int
#define __UINT_LEAST16_TYPE__ short unsigned int
#define __INT16_MAX__ 0x7fff
#define __SIZE_TYPE__ unsigned int
#define __UINT64_MAX__ 0xffffffffffffffffULL
#define __UDQ_FBIT__ 64
#define __INT8_TYPE__ signed char
#define __ELF__ 1
#define __ULFRACT_EPSILON__ 0x1P-32ULR
#define __LLFRACT_FBIT__ 63
#define __rtems__ 1
#define __FLT_RADIX__ 2
#define __INT_LEAST16_TYPE__ short int
#define __LDBL_EPSILON__ 2.2204460492503131e-16L
#define __UINTMAX_C(c) c ## ULL
#define __SACCUM_MAX__ 0X7FFFP-7HK
#define __SIG_ATOMIC_MAX__ 0x7fffffff
#define __GCC_ATOMIC_WCHAR_T_LOCK_FREE 1
#define __VFP_FP__ 1
#define __SIZEOF_PTRDIFF_T__ 4
#define __LACCUM_EPSILON__ 0x1P-31LK
#define __DEC32_SUBNORMAL_MIN__ 0.000001E-95DF
#define __INT_FAST16_MAX__ 0x7fffffff
#define __UINT_FAST32_MAX__ 0xffffffffU
#define __UINT_LEAST64_TYPE__ long long unsigned int
#define __USACCUM_MAX__ 0XFFFFP-8UHK
#define __SFRACT_EPSILON__ 0x1P-7HR
#define __FLT_HAS_QUIET_NAN__ 1
#define __FLT_MAX_10_EXP__ 38
#define __LONG_MAX__ 0x7fffffffL
#define __DEC128_SUBNORMAL_MIN__ 0.000000000000000000000000000000001E-6143DL
#define __FLT_HAS_INFINITY__ 1
#define __USA_FBIT__ 16
#define __UINT_FAST16_TYPE__ unsigned int
#define __DEC64_MAX__ 9.999999999999999E384DD
#define __ARM_32BIT_STATE 1
#define __CHAR16_TYPE__ short unsigned int
#define __PRAGMA_REDEFINE_EXTNAME 1
#define __INT_LEAST16_MAX__ 0x7fff
#define __DEC64_MANT_DIG__ 16
#define __INT64_MAX__ 0x7fffffffffffffffLL
#define __UINT_LEAST32_MAX__ 0xffffffffUL
#define __SACCUM_FBIT__ 7
#define __GCC_ATOMIC_LONG_LOCK_FREE 1
#define __INT_LEAST64_TYPE__ long long int
#define __INT16_TYPE__ short int
#define __INT_LEAST8_TYPE__ signed char
#define __STDC_VERSION__ 201112L
#define __SQ_FBIT__ 31
#define __DEC32_MAX_EXP__ 97
#define __ARM_ARCH_ISA_THUMB 1
#define __INT_FAST8_MAX__ 0x7fffffff
#define __ARM_ARCH 4
#define __INTPTR_MAX__ 0x7fffffff
#define __QQ_FBIT__ 7
#define __UTA_IBIT__ 64
#define __LDBL_MANT_DIG__ 53
#define __SFRACT_FBIT__ 7
#define __SACCUM_MIN__ (-0X1P7HK-0X1P7HK)
#define __DBL_HAS_QUIET_NAN__ 1
#define __SIG_ATOMIC_MIN__ (-__SIG_ATOMIC_MAX__ - 1)
#define __INTPTR_TYPE__ int
#define __UINT16_TYPE__ short unsigned int
#define __WCHAR_TYPE__ unsigned int
#define __SIZEOF_FLOAT__ 4
#define __USQ_FBIT__ 32
#define __UINTPTR_MAX__ 0xffffffffU
#define __DEC64_MIN_EXP__ (-382)
#define __ULLACCUM_IBIT__ 32
#define __INT_FAST64_MAX__ 0x7fffffffffffffffLL
#define __GCC_ATOMIC_TEST_AND_SET_TRUEVAL 1
#define __FLT_DIG__ 6
#define __UINT_FAST64_TYPE__ long long unsigned int
#define __INT_MAX__ 0x7fffffff
#define __LACCUM_FBIT__ 31
#define __USACCUM_MIN__ 0.0UHK
#define __UHA_IBIT__ 8
#define __INT64_TYPE__ long long int
#define __FLT_MAX_EXP__ 128
#define __UTQ_IBIT__ 0
#define __DBL_MANT_DIG__ 53
#define __INT_LEAST64_MAX__ 0x7fffffffffffffffLL
#define __GCC_ATOMIC_CHAR16_T_LOCK_FREE 1
#define __DEC64_MIN__ 1E-383DD
#define __WINT_TYPE__ unsigned int
#define __UINT_LEAST32_TYPE__ long unsigned int
#define __SIZEOF_SHORT__ 2
#define __ULLFRACT_IBIT__ 0
#define __LDBL_MIN_EXP__ (-1021)
#define __arm__ 1
#define __UDA_IBIT__ 32
#define __INT_LEAST8_MAX__ 0x7f
#define __LFRACT_FBIT__ 31
#define __LDBL_MAX_10_EXP__ 308
#define __ATOMIC_RELAXED 0
#define __DBL_EPSILON__ ((double)2.2204460492503131e-16L)
#define __UINT8_C(c) c
#define __INT_LEAST32_TYPE__ long int
#define __SIZEOF_WCHAR_T__ 4
#define __UINT64_TYPE__ long long unsigned int
#define __LLFRACT_MAX__ 0X7FFFFFFFFFFFFFFFP-63LLR
#define __TQ_FBIT__ 127
#define __INT_FAST8_TYPE__ int
#define __ULLACCUM_EPSILON__ 0x1P-32ULLK
#define __UHQ_IBIT__ 0
#define __LLACCUM_IBIT__ 32
#define __DBL_DECIMAL_DIG__ 17
#define __STDC_UTF_32__ 1
#define __DEC_EVAL_METHOD__ 2
#define __TA_FBIT__ 63
#define __UDQ_IBIT__ 0
#define __ORDER_BIG_ENDIAN__ 4321
#define __ACCUM_EPSILON__ 0x1P-15K
#define __UINT32_C(c) c ## UL
#define __INTMAX_MAX__ 0x7fffffffffffffffLL
#define __BYTE_ORDER__ __ORDER_LITTLE_ENDIAN__
#define __FLT_DENORM_MIN__ 1.4012984643248171e-45F
#define __LLFRACT_IBIT__ 0
#define __INT8_MAX__ 0x7f
#define __UINT_FAST32_TYPE__ unsigned int
#define __CHAR32_TYPE__ long unsigned int
#define __FLT_MAX__ 3.4028234663852886e+38F
#define __USACCUM_FBIT__ 8
#define __INT32_TYPE__ long int
#define __SIZEOF_DOUBLE__ 8
#define __FLT_MIN_10_EXP__ (-37)
#define __UFRACT_EPSILON__ 0x1P-16UR
#define __INTMAX_TYPE__ long long int
#define __DEC128_MAX_EXP__ 6145
#define __ATOMIC_CONSUME 1
#define __GNUC_MINOR__ 2
#define __UINTMAX_MAX__ 0xffffffffffffffffULL
#define __DEC32_MANT_DIG__ 7
#define __HA_FBIT__ 7
#define __DBL_MAX_10_EXP__ 308
#define __LDBL_DENORM_MIN__ 4.9406564584124654e-324L
#define __INT16_C(c) c
#define __STDC__ 1
#define __ARM_ARCH_4T__ 1
#define __PTRDIFF_TYPE__ int
#define __LLFRACT_MIN__ (-0.5LLR-0.5LLR)
#define __ATOMIC_SEQ_CST 5
#define __DA_FBIT__ 31
#define __UINT32_TYPE__ long unsigned int
#define __UINTPTR_TYPE__ unsigned int
#define __USA_IBIT__ 16
#define __DEC64_SUBNORMAL_MIN__ 0.000000000000001E-383DD
#define __ARM_EABI__ 1
#define __DEC128_MANT_DIG__ 34
#define __LDBL_MIN_10_EXP__ (-307)
#define __SIZEOF_LONG_LONG__ 8
#define __ULACCUM_EPSILON__ 0x1P-32ULK
#define __SACCUM_IBIT__ 8
#define __GCC_ATOMIC_LLONG_LOCK_FREE 1
#define __LDBL_DIG__ 15
#define __FLT_DECIMAL_DIG__ 9
#define __UINT_FAST16_MAX__ 0xffffffffU
#define __GCC_ATOMIC_SHORT_LOCK_FREE 1
#define __ULLFRACT_MAX__ 0XFFFFFFFFFFFFFFFFP-64ULLR
#define __UINT_FAST8_TYPE__ unsigned int
#define __USFRACT_EPSILON__ 0x1P-8UHR
#define __ULACCUM_FBIT__ 32
#define __QQ_IBIT__ 0
#define __ATOMIC_ACQ_REL 4
#define __ATOMIC_RELEASE 3

--------------------------------------------
Checking for program 'ar'
/home/c/development/rtems/rtems-4.12/bin/arm-rtems4.12-ar
find program=['ar'] paths=['/home/c/bin', '/home/c/.local/bin', '/home/c/development/rtems/rtems-4.12/bin', '/home/c/development/waf', '/usr/local/sbin', '/usr/local/bin', '/usr/sbin', '/usr/bin', '/sbin', '/bin', '/usr/games', '/usr/local/games', '/snap/bin'] var='AR' -> ['/home/c/development/rtems/rtems-4.12/bin/arm-rtems4.12-ar']
--------------------------------------------
Checking for program 'g++, c++'
/home/c/development/rtems/rtems-4.12/bin/arm-rtems4.12-g++
find program=['g++', 'c++'] paths=['/home/c/bin', '/home/c/.local/bin', '/home/c/development/rtems/rtems-4.12/bin', '/home/c/development/waf', '/usr/local/sbin', '/usr/local/bin', '/usr/sbin', '/usr/bin', '/sbin', '/bin', '/usr/games', '/usr/local/games', '/snap/bin'] var='CXX' -> ['/home/c/development/rtems/rtems-4.12/bin/arm-rtems4.12-g++']
['/home/c/development/rtems/rtems-4.12/bin/arm-rtems4.12-g++', '-dM', '-E', '-']
out: #define __DBL_MIN_EXP__ (-1021)
#define __HQ_FBIT__ 15
#define __UINT_LEAST16_MAX__ 0xffff
#define __ARM_SIZEOF_WCHAR_T 4
#define __ATOMIC_ACQUIRE 2
#define __SFRACT_IBIT__ 0
#define __FLT_MIN__ 1.1754943508222875e-38F
#define __GCC_IEC_559_COMPLEX 0
#define __UFRACT_MAX__ 0XFFFFP-16UR
#define __UINT_LEAST8_TYPE__ unsigned char
#define __DQ_FBIT__ 63
#define __INTMAX_C(c) c ## LL
#define __ULFRACT_FBIT__ 32
#define __SACCUM_EPSILON__ 0x1P-7HK
#define __CHAR_BIT__ 8
#define __USQ_IBIT__ 0
#define __UINT8_MAX__ 0xff
#define __ACCUM_FBIT__ 15
#define __WINT_MAX__ 0xffffffffU
#define __USFRACT_FBIT__ 8
#define __ORDER_LITTLE_ENDIAN__ 1234
#define __SIZE_MAX__ 0xffffffffU
#define __ARM_ARCH_ISA_ARM 1
#define __WCHAR_MAX__ 0xffffffffU
#define __LACCUM_IBIT__ 32
#define __DBL_DENORM_MIN__ ((double)4.9406564584124654e-324L)
#define __GCC_ATOMIC_CHAR_LOCK_FREE 1
#define __GCC_IEC_559 0
#define __FLT_EVAL_METHOD__ 0
#define __LLACCUM_MAX__ 0X7FFFFFFFFFFFFFFFP-31LLK
#define __GCC_ATOMIC_CHAR32_T_LOCK_FREE 1
#define __FRACT_FBIT__ 15
#define __UINT_FAST64_MAX__ 0xffffffffffffffffULL
#define __SIG_ATOMIC_TYPE__ int
#define __UACCUM_FBIT__ 16
#define __DBL_MIN_10_EXP__ (-307)
#define __FINITE_MATH_ONLY__ 0
#define __ARMEL__ 1
#define __LFRACT_IBIT__ 0
#define __GNUC_PATCHLEVEL__ 1
#define __LFRACT_MAX__ 0X7FFFFFFFP-31LR
#define __UINT_FAST8_MAX__ 0xffffffffU
#define __has_include(STR) __has_include__(STR)
#define __DEC64_MAX_EXP__ 385
#define __INT8_C(c) c
#define __UINT_LEAST64_MAX__ 0xffffffffffffffffULL
#define __SA_FBIT__ 15
#define __SHRT_MAX__ 0x7fff
#define __LDBL_MAX__ 1.7976931348623157e+308L
#define __FRACT_MAX__ 0X7FFFP-15R
#define __UFRACT_FBIT__ 16
#define __UFRACT_MIN__ 0.0UR
#define __UINT_LEAST8_MAX__ 0xff
#define __GCC_ATOMIC_BOOL_LOCK_FREE 1
#define __UINTMAX_TYPE__ long long unsigned int
#define __LLFRACT_EPSILON__ 0x1P-63LLR
#define __DEC32_EPSILON__ 1E-6DF
#define __CHAR_UNSIGNED__ 1
#define __UINT32_MAX__ 0xffffffffUL
#define __ULFRACT_MAX__ 0XFFFFFFFFP-32ULR
#define __TA_IBIT__ 64
#define __LDBL_MAX_EXP__ 1024
#define __WINT_MIN__ 0U
#define __ULLFRACT_MIN__ 0.0ULLR
#define __SCHAR_MAX__ 0x7f
#define __WCHAR_MIN__ 0U
#define __INT64_C(c) c ## LL
#define __DBL_DIG__ 15
#define __GCC_ATOMIC_POINTER_LOCK_FREE 1
#define __LLACCUM_MIN__ (-0X1P31LLK-0X1P31LLK)
#define __SIZEOF_INT__ 4
#define __SIZEOF_POINTER__ 4
#define __USACCUM_IBIT__ 8
#define __USER_LABEL_PREFIX__ 
#define __STDC_HOSTED__ 1
#define __LDBL_HAS_INFINITY__ 1
#define __LFRACT_MIN__ (-0.5LR-0.5LR)
#define __HA_IBIT__ 8
#define __TQ_IBIT__ 0
#define __FLT_EPSILON__ 1.1920928955078125e-7F
#define __APCS_32__ 1
#define __USFRACT_IBIT__ 0
#define __LDBL_MIN__ 2.2250738585072014e-308L
#define __STDC_UTF_16__ 1
#define __FRACT_MIN__ (-0.5R-0.5R)
#define __DEC32_MAX__ 9.999999E96DF
#define __DA_IBIT__ 32
#define __ARM_SIZEOF_MINIMAL_ENUM 1
#define __INT32_MAX__ 0x7fffffffL
#define __UQQ_FBIT__ 8
#define __SIZEOF_LONG__ 4
#define __UACCUM_MAX__ 0XFFFFFFFFP-16UK
#define __UINT16_C(c) c
#define __DECIMAL_DIG__ 17
#define __LFRACT_EPSILON__ 0x1P-31LR
#define __ULFRACT_MIN__ 0.0ULR
#define __has_include_next(STR) __has_include_next__(STR)
#define __LDBL_HAS_QUIET_NAN__ 1
#define __ULACCUM_IBIT__ 32
#define __UACCUM_EPSILON__ 0x1P-16UK
#define __GNUC__ 6
#define __ULLACCUM_MAX__ 0XFFFFFFFFFFFFFFFFP-32ULLK
#define __HQ_IBIT__ 0
#define __FLT_HAS_DENORM__ 1
#define __SIZEOF_LONG_DOUBLE__ 8
#define __BIGGEST_ALIGNMENT__ 8
#define __GNUC_STDC_INLINE__ 1
#define __DQ_IBIT__ 0
#define __DBL_MAX__ ((double)1.7976931348623157e+308L)
#define __ULFRACT_IBIT__ 0
#define __INT_FAST32_MAX__ 0x7fffffff
#define __DBL_HAS_INFINITY__ 1
#define __ACCUM_IBIT__ 16
#define __DEC32_MIN_EXP__ (-94)
#define __THUMB_INTERWORK__ 1
#define __LACCUM_MAX__ 0X7FFFFFFFFFFFFFFFP-31LK
#define __INT_FAST16_TYPE__ int
#define __LDBL_HAS_DENORM__ 1
#define __DEC128_MAX__ 9.999999999999999999999999999999999E6144DL
#define __INT_LEAST32_MAX__ 0x7fffffffL
#define __ARM_PCS 1
#define __DEC32_MIN__ 1E-95DF
#define __ACCUM_MAX__ 0X7FFFFFFFP-15K
#define __DBL_MAX_EXP__ 1024
#define __USACCUM_EPSILON__ 0x1P-8UHK
#define __DEC128_EPSILON__ 1E-33DL
#define __SFRACT_MAX__ 0X7FP-7HR
#define __FRACT_IBIT__ 0
#define __PTRDIFF_MAX__ 0x7fffffff
#define __UACCUM_MIN__ 0.0UK
#define __UACCUM_IBIT__ 16
#define __LONG_LONG_MAX__ 0x7fffffffffffffffLL
#define __SIZEOF_SIZE_T__ 4
#define __ULACCUM_MAX__ 0XFFFFFFFFFFFFFFFFP-32ULK
#define __SIZEOF_WINT_T__ 4
#define __SA_IBIT__ 16
#define __ULLACCUM_MIN__ 0.0ULLK
#define __GXX_ABI_VERSION 1010
#define __UTA_FBIT__ 64
#define __SOFTFP__ 1
#define __FLT_MIN_EXP__ (-125)
#define __USFRACT_MAX__ 0XFFP-8UHR
#define __UFRACT_IBIT__ 0
#define __INT_FAST64_TYPE__ long long int
#define __DBL_MIN__ ((double)2.2250738585072014e-308L)
#define __USE_INIT_FINI__ 1
#define __LACCUM_MIN__ (-0X1P31LK-0X1P31LK)
#define __ULLACCUM_FBIT__ 32
#define __GXX_TYPEINFO_EQUALITY_INLINE 0
#define __ULLFRACT_EPSILON__ 0x1P-64ULLR
#define __USES_INITFINI__ 1
#define __DEC128_MIN__ 1E-6143DL
#define __REGISTER_PREFIX__ 
#define __UINT16_MAX__ 0xffff
#define __DBL_HAS_DENORM__ 1
#define __ACCUM_MIN__ (-0X1P15K-0X1P15K)
#define __SQ_IBIT__ 0
#define __UINT8_TYPE__ unsigned char
#define __UHA_FBIT__ 8
#define __NO_INLINE__ 1
#define __SFRACT_MIN__ (-0.5HR-0.5HR)
#define __UTQ_FBIT__ 128
#define __FLT_MANT_DIG__ 24
#define __VERSION__ "6.2.1 20161110 (RTEMS 4.12, RSB 1c68dbb293922863d5f48ec05559b0fc4b4ea893-modified, Newlib 2.4.0.20161025)"
#define __UINT64_C(c) c ## ULL
#define __ULLFRACT_FBIT__ 64
#define __FRACT_EPSILON__ 0x1P-15R
#define __ULACCUM_MIN__ 0.0ULK
#define __UDA_FBIT__ 32
#define __LLACCUM_EPSILON__ 0x1P-31LLK
#define __GCC_ATOMIC_INT_LOCK_FREE 1
#define __FLOAT_WORD_ORDER__ __ORDER_LITTLE_ENDIAN__
#define __USFRACT_MIN__ 0.0UHR
#define __UQQ_IBIT__ 0
#define __INT32_C(c) c ## L
#define __DEC64_EPSILON__ 1E-15DD
#define __ORDER_PDP_ENDIAN__ 3412
#define __DEC128_MIN_EXP__ (-6142)
#define __UHQ_FBIT__ 16
#define __LLACCUM_FBIT__ 31
#define __INT_FAST32_TYPE__ int
#define __UINT_LEAST16_TYPE__ short unsigned int
#define __INT16_MAX__ 0x7fff
#define __SIZE_TYPE__ unsigned int
#define __UINT64_MAX__ 0xffffffffffffffffULL
#define __UDQ_FBIT__ 64
#define __INT8_TYPE__ signed char
#define __ELF__ 1
#define __ULFRACT_EPSILON__ 0x1P-32ULR
#define __LLFRACT_FBIT__ 63
#define __rtems__ 1
#define __FLT_RADIX__ 2
#define __INT_LEAST16_TYPE__ short int
#define __LDBL_EPSILON__ 2.2204460492503131e-16L
#define __UINTMAX_C(c) c ## ULL
#define __SACCUM_MAX__ 0X7FFFP-7HK
#define __SIG_ATOMIC_MAX__ 0x7fffffff
#define __GCC_ATOMIC_WCHAR_T_LOCK_FREE 1
#define __VFP_FP__ 1
#define __SIZEOF_PTRDIFF_T__ 4
#define __LACCUM_EPSILON__ 0x1P-31LK
#define __DEC32_SUBNORMAL_MIN__ 0.000001E-95DF
#define __INT_FAST16_MAX__ 0x7fffffff
#define __UINT_FAST32_MAX__ 0xffffffffU
#define __UINT_LEAST64_TYPE__ long long unsigned int
#define __USACCUM_MAX__ 0XFFFFP-8UHK
#define __SFRACT_EPSILON__ 0x1P-7HR
#define __FLT_HAS_QUIET_NAN__ 1
#define __FLT_MAX_10_EXP__ 38
#define __LONG_MAX__ 0x7fffffffL
#define __DEC128_SUBNORMAL_MIN__ 0.000000000000000000000000000000001E-6143DL
#define __FLT_HAS_INFINITY__ 1
#define __USA_FBIT__ 16
#define __UINT_FAST16_TYPE__ unsigned int
#define __DEC64_MAX__ 9.999999999999999E384DD
#define __ARM_32BIT_STATE 1
#define __CHAR16_TYPE__ short unsigned int
#define __PRAGMA_REDEFINE_EXTNAME 1
#define __INT_LEAST16_MAX__ 0x7fff
#define __DEC64_MANT_DIG__ 16
#define __INT64_MAX__ 0x7fffffffffffffffLL
#define __UINT_LEAST32_MAX__ 0xffffffffUL
#define __SACCUM_FBIT__ 7
#define __GCC_ATOMIC_LONG_LOCK_FREE 1
#define __INT_LEAST64_TYPE__ long long int
#define __INT16_TYPE__ short int
#define __INT_LEAST8_TYPE__ signed char
#define __STDC_VERSION__ 201112L
#define __SQ_FBIT__ 31
#define __DEC32_MAX_EXP__ 97
#define __ARM_ARCH_ISA_THUMB 1
#define __INT_FAST8_MAX__ 0x7fffffff
#define __ARM_ARCH 4
#define __INTPTR_MAX__ 0x7fffffff
#define __QQ_FBIT__ 7
#define __UTA_IBIT__ 64
#define __LDBL_MANT_DIG__ 53
#define __SFRACT_FBIT__ 7
#define __SACCUM_MIN__ (-0X1P7HK-0X1P7HK)
#define __DBL_HAS_QUIET_NAN__ 1
#define __SIG_ATOMIC_MIN__ (-__SIG_ATOMIC_MAX__ - 1)
#define __INTPTR_TYPE__ int
#define __UINT16_TYPE__ short unsigned int
#define __WCHAR_TYPE__ unsigned int
#define __SIZEOF_FLOAT__ 4
#define __USQ_FBIT__ 32
#define __UINTPTR_MAX__ 0xffffffffU
#define __DEC64_MIN_EXP__ (-382)
#define __ULLACCUM_IBIT__ 32
#define __INT_FAST64_MAX__ 0x7fffffffffffffffLL
#define __GCC_ATOMIC_TEST_AND_SET_TRUEVAL 1
#define __FLT_DIG__ 6
#define __UINT_FAST64_TYPE__ long long unsigned int
#define __INT_MAX__ 0x7fffffff
#define __LACCUM_FBIT__ 31
#define __USACCUM_MIN__ 0.0UHK
#define __UHA_IBIT__ 8
#define __INT64_TYPE__ long long int
#define __FLT_MAX_EXP__ 128
#define __UTQ_IBIT__ 0
#define __DBL_MANT_DIG__ 53
#define __INT_LEAST64_MAX__ 0x7fffffffffffffffLL
#define __GCC_ATOMIC_CHAR16_T_LOCK_FREE 1
#define __DEC64_MIN__ 1E-383DD
#define __WINT_TYPE__ unsigned int
#define __UINT_LEAST32_TYPE__ long unsigned int
#define __SIZEOF_SHORT__ 2
#define __ULLFRACT_IBIT__ 0
#define __LDBL_MIN_EXP__ (-1021)
#define __arm__ 1
#define __UDA_IBIT__ 32
#define __INT_LEAST8_MAX__ 0x7f
#define __LFRACT_FBIT__ 31
#define __LDBL_MAX_10_EXP__ 308
#define __ATOMIC_RELAXED 0
#define __DBL_EPSILON__ ((double)2.2204460492503131e-16L)
#define __UINT8_C(c) c
#define __INT_LEAST32_TYPE__ long int
#define __SIZEOF_WCHAR_T__ 4
#define __UINT64_TYPE__ long long unsigned int
#define __LLFRACT_MAX__ 0X7FFFFFFFFFFFFFFFP-63LLR
#define __TQ_FBIT__ 127
#define __INT_FAST8_TYPE__ int
#define __ULLACCUM_EPSILON__ 0x1P-32ULLK
#define __UHQ_IBIT__ 0
#define __LLACCUM_IBIT__ 32
#define __DBL_DECIMAL_DIG__ 17
#define __STDC_UTF_32__ 1
#define __DEC_EVAL_METHOD__ 2
#define __TA_FBIT__ 63
#define __UDQ_IBIT__ 0
#define __ORDER_BIG_ENDIAN__ 4321
#define __ACCUM_EPSILON__ 0x1P-15K
#define __UINT32_C(c) c ## UL
#define __INTMAX_MAX__ 0x7fffffffffffffffLL
#define __BYTE_ORDER__ __ORDER_LITTLE_ENDIAN__
#define __FLT_DENORM_MIN__ 1.4012984643248171e-45F
#define __LLFRACT_IBIT__ 0
#define __INT8_MAX__ 0x7f
#define __UINT_FAST32_TYPE__ unsigned int
#define __CHAR32_TYPE__ long unsigned int
#define __FLT_MAX__ 3.4028234663852886e+38F
#define __USACCUM_FBIT__ 8
#define __INT32_TYPE__ long int
#define __SIZEOF_DOUBLE__ 8
#define __FLT_MIN_10_EXP__ (-37)
#define __UFRACT_EPSILON__ 0x1P-16UR
#define __INTMAX_TYPE__ long long int
#define __DEC128_MAX_EXP__ 6145
#define __ATOMIC_CONSUME 1
#define __GNUC_MINOR__ 2
#define __UINTMAX_MAX__ 0xffffffffffffffffULL
#define __DEC32_MANT_DIG__ 7
#define __HA_FBIT__ 7
#define __DBL_MAX_10_EXP__ 308
#define __LDBL_DENORM_MIN__ 4.9406564584124654e-324L
#define __INT16_C(c) c
#define __STDC__ 1
#define __ARM_ARCH_4T__ 1
#define __PTRDIFF_TYPE__ int
#define __LLFRACT_MIN__ (-0.5LLR-0.5LLR)
#define __ATOMIC_SEQ_CST 5
#define __DA_FBIT__ 31
#define __UINT32_TYPE__ long unsigned int
#define __UINTPTR_TYPE__ unsigned int
#define __USA_IBIT__ 16
#define __DEC64_SUBNORMAL_MIN__ 0.000000000000001E-383DD
#define __ARM_EABI__ 1
#define __DEC128_MANT_DIG__ 34
#define __LDBL_MIN_10_EXP__ (-307)
#define __SIZEOF_LONG_LONG__ 8
#define __ULACCUM_EPSILON__ 0x1P-32ULK
#define __SACCUM_IBIT__ 8
#define __GCC_ATOMIC_LLONG_LOCK_FREE 1
#define __LDBL_DIG__ 15
#define __FLT_DECIMAL_DIG__ 9
#define __UINT_FAST16_MAX__ 0xffffffffU
#define __GCC_ATOMIC_SHORT_LOCK_FREE 1
#define __ULLFRACT_MAX__ 0XFFFFFFFFFFFFFFFFP-64ULLR
#define __UINT_FAST8_TYPE__ unsigned int
#define __USFRACT_EPSILON__ 0x1P-8UHR
#define __ULACCUM_FBIT__ 32
#define __QQ_IBIT__ 0
#define __ATOMIC_ACQ_REL 4
#define __ATOMIC_RELEASE 3

--------------------------------------------
Checking for program 'ar'
/home/c/development/rtems/rtems-4.12/bin/arm-rtems4.12-ar
find program=['ar'] paths=['/home/c/bin', '/home/c/.local/bin', '/home/c/development/rtems/rtems-4.12/bin', '/home/c/development/waf', '/usr/local/sbin', '/usr/local/bin', '/usr/sbin', '/usr/bin', '/sbin', '/bin', '/usr/games', '/usr/local/games', '/snap/bin'] var='AR' -> ['/home/c/development/rtems/rtems-4.12/bin/arm-rtems4.12-ar']
--------------------------------------------
Checking for program 'gas, gcc'
/home/c/development/rtems/rtems-4.12/bin/arm-rtems4.12-gcc
find program=['gas', 'gcc'] paths=['/home/c/bin', '/home/c/.local/bin', '/home/c/development/rtems/rtems-4.12/bin', '/home/c/development/waf', '/usr/local/sbin', '/usr/local/bin', '/usr/sbin', '/usr/bin', '/sbin', '/bin', '/usr/games', '/usr/local/games', '/snap/bin'] var='AS' -> ['/home/c/development/rtems/rtems-4.12/bin/arm-rtems4.12-gcc']
--------------------------------------------
Checking for program 'ar'
/home/c/development/rtems/rtems-4.12/bin/arm-rtems4.12-ar
find program=['ar'] paths=['/home/c/bin', '/home/c/.local/bin', '/home/c/development/rtems/rtems-4.12/bin', '/home/c/development/waf', '/usr/local/sbin', '/usr/local/bin', '/usr/sbin', '/usr/bin', '/sbin', '/bin', '/usr/games', '/usr/local/games', '/snap/bin'] var='AR' -> ['/home/c/development/rtems/rtems-4.12/bin/arm-rtems4.12-ar']
['/home/c/development/rtems/rtems-4.12/bin/arm-rtems4.12-gcc', '--version']
out: arm-rtems4.12-gcc (GCC) 6.2.1 20161110 (RTEMS 4.12, RSB 1c68dbb293922863d5f48ec05559b0fc4b4ea893-modified, Newlib 2.4.0.20161025)
Copyright (C) 2016 Free Software Foundation, Inc.
This is free software; see the source for copying conditions.  There is NO
warranty; not even for MERCHANTABILITY or FITNESS FOR A PARTICULAR PURPOSE.


--------------------------------------------
Compiler version (arm-rtems4.12-gcc)
6.2.1 20161110 (RTEMS 4.12, RSB 1c68dbb293922863d5f48ec05559b0fc4b4ea893-modified, Newlib 2.4.0.20161025)
Opening and load pkgconfig: /home/c/development/rtems/rtems-4.12/lib/pkgconfig/arm-rtems4.12-beagleboneblack.pc
-----------------------------------------
CFLAGS ->
   -qrtems -B/home/c/development/rtems/rtems-4.12/arm-rtems4.12/lib/ -B/home/c/development/rtems/rtems-4.12/arm-rtems4.12/beagleboneblack/lib/ --specs bsp_specs -mcpu=cortex-a8 -O2 -g -ffunction-sections -fdata-sections -Wall -Wmissing-prototypes -Wimplicit-function-declaration -Wstrict-prototypes -Wnested-externs
LDFLAGS ->
pkconfig warning: Label not found: LDFLAGS
  
LIB ->
pkconfig warning: Label not found: LIB
  
--------------------------------------------
Checking for RTEMS CPU options header
started
==>
#include <rtems/score/cpuopts.h>

int main(int argc, char **argv) {
	(void)argc; (void)argv;
	return 0;
}

<==
[1/2] Compiling [32mbuild/.conf_check_fa0ca45cac2419ee099125e487bdbb00/test.cpp[0m

['/home/c/development/rtems/rtems-4.12/bin/arm-rtems4.12-g++', '-qrtems', '-B/home/c/development/rtems/rtems-4.12/arm-rtems4.12/lib/', '-B/home/c/development/rtems/rtems-4.12/arm-rtems4.12/beagleboneblack/lib/', '--specs', 'bsp_specs', '-mcpu=cortex-a8', '-mcpu=cortex-a8', '-ffunction-sections', '-ffunction-sections', '-fdata-sections', '-fdata-sections', '../test.cpp', '-c', '-o/home/c/development/rtems/rtems-libbsd/build/.conf_check_fa0ca45cac2419ee099125e487bdbb00/testbuild/test.cpp.1.o']
[2/2] Linking [33mbuild/.conf_check_fa0ca45cac2419ee099125e487bdbb00/testbuild/testprog[0m

['/home/c/development/rtems/rtems-4.12/bin/arm-rtems4.12-g++', '-qrtems', '-B/home/c/development/rtems/rtems-4.12/arm-rtems4.12/lib/', '-B/home/c/development/rtems/rtems-4.12/arm-rtems4.12/beagleboneblack/lib/', '--specs', 'bsp_specs', '-mcpu=cortex-a8', '-mcpu=cortex-a8', '-ffunction-sections', '-ffunction-sections', '-fdata-sections', '-fdata-sections', 'test.cpp.1.o', '-o/home/c/development/rtems/rtems-libbsd/build/.conf_check_fa0ca45cac2419ee099125e487bdbb00/testbuild/testprog', '-Wl,-Bstatic', '-Wl,-Bdynamic']
--------------------------------------------
-> processing test results
all ok
--------------------------------------------
Checking for RTEMS_DEBUG
==>
#include <rtems/score/cpuopts.h>
#ifndef RTEMS_DEBUG
 #error RTEMS_DEBUG is not defined
#endif
#if RTEMS_DEBUG
 /* RTEMS_DEBUG is true */
#else
 #error RTEMS_DEBUG is false
#endif
int main() { return 0; }

<==
[1/2] Compiling [32mbuild/.conf_check_51e855bfd5318ac896d10c6de53be1fc/test.c[0m

['/home/c/development/rtems/rtems-4.12/bin/arm-rtems4.12-gcc', '-qrtems', '-B/home/c/development/rtems/rtems-4.12/arm-rtems4.12/lib/', '-B/home/c/development/rtems/rtems-4.12/arm-rtems4.12/beagleboneblack/lib/', '--specs', 'bsp_specs', '-mcpu=cortex-a8', '-mcpu=cortex-a8', '-ffunction-sections', '-ffunction-sections', '-fdata-sections', '-fdata-sections', '-DHAVE_RTEMS_SCORE_CPUOPTS_H=1', '../test.c', '-c', '-o/home/c/development/rtems/rtems-libbsd/build/.conf_check_51e855bfd5318ac896d10c6de53be1fc/testbuild/test.c.1.o']
err: ../test.c:3:3: error: #error RTEMS_DEBUG is not defined
  #error RTEMS_DEBUG is not defined
   ^~~~~
../test.c:8:3: error: #error RTEMS_DEBUG is false
  #error RTEMS_DEBUG is false
   ^~~~~

from /home/c/development/rtems/rtems-libbsd: Test does not build: Traceback (most recent call last):
  File "/home/c/development/waf/.waf-1.9.6-f0747ab58da011e8fbf81cf356ab0bbc/waflib/Configure.py", line 324, in run_build
    bld.compile()
  File "/home/c/development/waf/.waf-1.9.6-f0747ab58da011e8fbf81cf356ab0bbc/waflib/Build.py", line 181, in compile
    raise Errors.BuildError(self.producer.error)
BuildError: Build failed
 -> task in 'testprog' failed with exit status 1 (run with -v to display more information)

no
from /home/c/development/rtems/rtems-libbsd: The configuration failed
--------------------------------------------
Checking for RTEMS_MULTIPROCESSING
==>
#include <rtems/score/cpuopts.h>
#ifndef RTEMS_MULTIPROCESSING
 #error RTEMS_MULTIPROCESSING is not defined
#endif
#if RTEMS_MULTIPROCESSING
 /* RTEMS_MULTIPROCESSING is true */
#else
 #error RTEMS_MULTIPROCESSING is false
#endif
int main() { return 0; }

<==
[1/2] Compiling [32mbuild/.conf_check_7646a78dc2efc01234a08e49d10b5b16/test.c[0m

['/home/c/development/rtems/rtems-4.12/bin/arm-rtems4.12-gcc', '-qrtems', '-B/home/c/development/rtems/rtems-4.12/arm-rtems4.12/lib/', '-B/home/c/development/rtems/rtems-4.12/arm-rtems4.12/beagleboneblack/lib/', '--specs', 'bsp_specs', '-mcpu=cortex-a8', '-mcpu=cortex-a8', '-ffunction-sections', '-ffunction-sections', '-fdata-sections', '-fdata-sections', '-DHAVE_RTEMS_SCORE_CPUOPTS_H=1', '../test.c', '-c', '-o/home/c/development/rtems/rtems-libbsd/build/.conf_check_7646a78dc2efc01234a08e49d10b5b16/testbuild/test.c.1.o']
err: ../test.c:3:3: error: #error RTEMS_MULTIPROCESSING is not defined
  #error RTEMS_MULTIPROCESSING is not defined
   ^~~~~
../test.c:8:3: error: #error RTEMS_MULTIPROCESSING is false
  #error RTEMS_MULTIPROCESSING is false
   ^~~~~

from /home/c/development/rtems/rtems-libbsd: Test does not build: Traceback (most recent call last):
  File "/home/c/development/waf/.waf-1.9.6-f0747ab58da011e8fbf81cf356ab0bbc/waflib/Configure.py", line 324, in run_build
    bld.compile()
  File "/home/c/development/waf/.waf-1.9.6-f0747ab58da011e8fbf81cf356ab0bbc/waflib/Build.py", line 181, in compile
    raise Errors.BuildError(self.producer.error)
BuildError: Build failed
 -> task in 'testprog' failed with exit status 1 (run with -v to display more information)

no
from /home/c/development/rtems/rtems-libbsd: The configuration failed
--------------------------------------------
Checking for RTEMS_NEWLIB
==>
#include <rtems/score/cpuopts.h>
#ifndef RTEMS_NEWLIB
 #error RTEMS_NEWLIB is not defined
#endif
#if RTEMS_NEWLIB
 /* RTEMS_NEWLIB is true */
#else
 #error RTEMS_NEWLIB is false
#endif
int main() { return 0; }

<==
[1/2] Compiling [32mbuild/.conf_check_b46287fa6663d51966b28477b680a7e9/test.c[0m

['/home/c/development/rtems/rtems-4.12/bin/arm-rtems4.12-gcc', '-qrtems', '-B/home/c/development/rtems/rtems-4.12/arm-rtems4.12/lib/', '-B/home/c/development/rtems/rtems-4.12/arm-rtems4.12/beagleboneblack/lib/', '--specs', 'bsp_specs', '-mcpu=cortex-a8', '-mcpu=cortex-a8', '-ffunction-sections', '-ffunction-sections', '-fdata-sections', '-fdata-sections', '-DHAVE_RTEMS_SCORE_CPUOPTS_H=1', '../test.c', '-c', '-o/home/c/development/rtems/rtems-libbsd/build/.conf_check_b46287fa6663d51966b28477b680a7e9/testbuild/test.c.1.o']
[2/2] Linking [33mbuild/.conf_check_b46287fa6663d51966b28477b680a7e9/testbuild/testprog[0m

['/home/c/development/rtems/rtems-4.12/bin/arm-rtems4.12-gcc', '-qrtems', '-B/home/c/development/rtems/rtems-4.12/arm-rtems4.12/lib/', '-B/home/c/development/rtems/rtems-4.12/arm-rtems4.12/beagleboneblack/lib/', '--specs', 'bsp_specs', '-mcpu=cortex-a8', '-mcpu=cortex-a8', '-ffunction-sections', '-ffunction-sections', '-fdata-sections', '-fdata-sections', 'test.c.1.o', '-o/home/c/development/rtems/rtems-libbsd/build/.conf_check_b46287fa6663d51966b28477b680a7e9/testbuild/testprog', '-Wl,-Bstatic', '-Wl,-Bdynamic']
yes
--------------------------------------------
Checking for RTEMS_POSIX_API
==>
#include <rtems/score/cpuopts.h>
#ifndef RTEMS_POSIX_API
 #error RTEMS_POSIX_API is not defined
#endif
#if RTEMS_POSIX_API
 /* RTEMS_POSIX_API is true */
#else
 #error RTEMS_POSIX_API is false
#endif
int main() { return 0; }

<==
[1/2] Compiling [32mbuild/.conf_check_ad25dc3e273816d28ea9c27ded1190eb/test.c[0m

['/home/c/development/rtems/rtems-4.12/bin/arm-rtems4.12-gcc', '-qrtems', '-B/home/c/development/rtems/rtems-4.12/arm-rtems4.12/lib/', '-B/home/c/development/rtems/rtems-4.12/arm-rtems4.12/beagleboneblack/lib/', '--specs', 'bsp_specs', '-mcpu=cortex-a8', '-mcpu=cortex-a8', '-ffunction-sections', '-ffunction-sections', '-fdata-sections', '-fdata-sections', '-DHAVE_RTEMS_SCORE_CPUOPTS_H=1', '../test.c', '-c', '-o/home/c/development/rtems/rtems-libbsd/build/.conf_check_ad25dc3e273816d28ea9c27ded1190eb/testbuild/test.c.1.o']
[2/2] Linking [33mbuild/.conf_check_ad25dc3e273816d28ea9c27ded1190eb/testbuild/testprog[0m

['/home/c/development/rtems/rtems-4.12/bin/arm-rtems4.12-gcc', '-qrtems', '-B/home/c/development/rtems/rtems-4.12/arm-rtems4.12/lib/', '-B/home/c/development/rtems/rtems-4.12/arm-rtems4.12/beagleboneblack/lib/', '--specs', 'bsp_specs', '-mcpu=cortex-a8', '-mcpu=cortex-a8', '-ffunction-sections', '-ffunction-sections', '-fdata-sections', '-fdata-sections', 'test.c.1.o', '-o/home/c/development/rtems/rtems-libbsd/build/.conf_check_ad25dc3e273816d28ea9c27ded1190eb/testbuild/testprog', '-Wl,-Bstatic', '-Wl,-Bdynamic']
yes
--------------------------------------------
Checking for RTEMS_SMP
==>
#include <rtems/score/cpuopts.h>
#ifndef RTEMS_SMP
 #error RTEMS_SMP is not defined
#endif
#if RTEMS_SMP
 /* RTEMS_SMP is true */
#else
 #error RTEMS_SMP is false
#endif
int main() { return 0; }

<==
[1/2] Compiling [32mbuild/.conf_check_3040e1e93f81e2e32d78f6d3477f989b/test.c[0m

['/home/c/development/rtems/rtems-4.12/bin/arm-rtems4.12-gcc', '-qrtems', '-B/home/c/development/rtems/rtems-4.12/arm-rtems4.12/lib/', '-B/home/c/development/rtems/rtems-4.12/arm-rtems4.12/beagleboneblack/lib/', '--specs', 'bsp_specs', '-mcpu=cortex-a8', '-mcpu=cortex-a8', '-ffunction-sections', '-ffunction-sections', '-fdata-sections', '-fdata-sections', '-DHAVE_RTEMS_SCORE_CPUOPTS_H=1', '../test.c', '-c', '-o/home/c/development/rtems/rtems-libbsd/build/.conf_check_3040e1e93f81e2e32d78f6d3477f989b/testbuild/test.c.1.o']
err: ../test.c:3:3: error: #error RTEMS_SMP is not defined
  #error RTEMS_SMP is not defined
   ^~~~~
../test.c:8:3: error: #error RTEMS_SMP is false
  #error RTEMS_SMP is false
   ^~~~~

from /home/c/development/rtems/rtems-libbsd: Test does not build: Traceback (most recent call last):
  File "/home/c/development/waf/.waf-1.9.6-f0747ab58da011e8fbf81cf356ab0bbc/waflib/Configure.py", line 324, in run_build
    bld.compile()
  File "/home/c/development/waf/.waf-1.9.6-f0747ab58da011e8fbf81cf356ab0bbc/waflib/Build.py", line 181, in compile
    raise Errors.BuildError(self.producer.error)
BuildError: Build failed
 -> task in 'testprog' failed with exit status 1 (run with -v to display more information)

no
from /home/c/development/rtems/rtems-libbsd: The configuration failed
--------------------------------------------
Checking for RTEMS_NETWORKING
==>
#include <rtems/score/cpuopts.h>
#ifndef RTEMS_NETWORKING
 #error RTEMS_NETWORKING is not defined
#endif
#if RTEMS_NETWORKING
 /* RTEMS_NETWORKING is true */
#else
 #error RTEMS_NETWORKING is false
#endif
int main() { return 0; }

<==
[1/2] Compiling [32mbuild/.conf_check_1e1f931475f866754696c3bb12fb513a/test.c[0m

['/home/c/development/rtems/rtems-4.12/bin/arm-rtems4.12-gcc', '-qrtems', '-B/home/c/development/rtems/rtems-4.12/arm-rtems4.12/lib/', '-B/home/c/development/rtems/rtems-4.12/arm-rtems4.12/beagleboneblack/lib/', '--specs', 'bsp_specs', '-mcpu=cortex-a8', '-mcpu=cortex-a8', '-ffunction-sections', '-ffunction-sections', '-fdata-sections', '-fdata-sections', '-DHAVE_RTEMS_SCORE_CPUOPTS_H=1', '../test.c', '-c', '-o/home/c/development/rtems/rtems-libbsd/build/.conf_check_1e1f931475f866754696c3bb12fb513a/testbuild/test.c.1.o']
err: ../test.c:3:3: error: #error RTEMS_NETWORKING is not defined
  #error RTEMS_NETWORKING is not defined
   ^~~~~
../test.c:8:3: error: #error RTEMS_NETWORKING is false
  #error RTEMS_NETWORKING is false
   ^~~~~

from /home/c/development/rtems/rtems-libbsd: Test does not build: Traceback (most recent call last):
  File "/home/c/development/waf/.waf-1.9.6-f0747ab58da011e8fbf81cf356ab0bbc/waflib/Configure.py", line 324, in run_build
    bld.compile()
  File "/home/c/development/waf/.waf-1.9.6-f0747ab58da011e8fbf81cf356ab0bbc/waflib/Build.py", line 181, in compile
    raise Errors.BuildError(self.producer.error)
BuildError: Build failed
 -> task in 'testprog' failed with exit status 1 (run with -v to display more information)

no
from /home/c/development/rtems/rtems-libbsd: The configuration failed
--------------------------------------------
Checking for RTEMS header
started
==>
#include <rtems.h>

int main(int argc, char **argv) {
	(void)argc; (void)argv;
	return 0;
}

<==
[1/2] Compiling [32mbuild/.conf_check_1f7a3cc20b4f24515618bce1168fe5d2/test.cpp[0m

['/home/c/development/rtems/rtems-4.12/bin/arm-rtems4.12-g++', '-qrtems', '-B/home/c/development/rtems/rtems-4.12/arm-rtems4.12/lib/', '-B/home/c/development/rtems/rtems-4.12/arm-rtems4.12/beagleboneblack/lib/', '--specs', 'bsp_specs', '-mcpu=cortex-a8', '-mcpu=cortex-a8', '-ffunction-sections', '-ffunction-sections', '-fdata-sections', '-fdata-sections', '-DHAVE_RTEMS_SCORE_CPUOPTS_H=1', '../test.cpp', '-c', '-o/home/c/development/rtems/rtems-libbsd/build/.conf_check_1f7a3cc20b4f24515618bce1168fe5d2/testbuild/test.cpp.1.o']
[2/2] Linking [33mbuild/.conf_check_1f7a3cc20b4f24515618bce1168fe5d2/testbuild/testprog[0m

['/home/c/development/rtems/rtems-4.12/bin/arm-rtems4.12-g++', '-qrtems', '-B/home/c/development/rtems/rtems-4.12/arm-rtems4.12/lib/', '-B/home/c/development/rtems/rtems-4.12/arm-rtems4.12/beagleboneblack/lib/', '--specs', 'bsp_specs', '-mcpu=cortex-a8', '-mcpu=cortex-a8', '-ffunction-sections', '-ffunction-sections', '-fdata-sections', '-fdata-sections', 'test.cpp.1.o', '-o/home/c/development/rtems/rtems-libbsd/build/.conf_check_1f7a3cc20b4f24515618bce1168fe5d2/testbuild/testprog', '-Wl,-Bstatic', '-Wl,-Bdynamic']
--------------------------------------------
-> processing test results
all ok
--------------------------------------------
Checking for header dlfcn.h
==>
#include <dlfcn.h>

int main(int argc, char **argv) {
	(void)argc; (void)argv;
	return 0;
}

<==
[1/1] Compiling [32mbuild/.conf_check_42e6a0913a28b7d3c6880e442559040b/test.c[0m

['/home/c/development/rtems/rtems-4.12/bin/arm-rtems4.12-gcc', '-qrtems', '-B/home/c/development/rtems/rtems-4.12/arm-rtems4.12/lib/', '-B/home/c/development/rtems/rtems-4.12/arm-rtems4.12/beagleboneblack/lib/', '--specs', 'bsp_specs', '-mcpu=cortex-a8', '-mcpu=cortex-a8', '-ffunction-sections', '-ffunction-sections', '-fdata-sections', '-fdata-sections', '-DHAVE_RTEMS_SCORE_CPUOPTS_H=1', '-DHAVE_RTEMS_H=1', '../test.c', '-c', '-o/home/c/development/rtems/rtems-libbsd/build/.conf_check_42e6a0913a28b7d3c6880e442559040b/testbuild/test.c.1.o']
yes
--------------------------------------------
Checking for header rtems/pci.h
==>
#include <rtems/pci.h>

int main(int argc, char **argv) {
	(void)argc; (void)argv;
	return 0;
}

<==
[1/1] Compiling [32mbuild/.conf_check_5704ec2430512804652dde0f22c7f56d/test.c[0m

['/home/c/development/rtems/rtems-4.12/bin/arm-rtems4.12-gcc', '-qrtems', '-B/home/c/development/rtems/rtems-4.12/arm-rtems4.12/lib/', '-B/home/c/development/rtems/rtems-4.12/arm-rtems4.12/beagleboneblack/lib/', '--specs', 'bsp_specs', '-mcpu=cortex-a8', '-mcpu=cortex-a8', '-ffunction-sections', '-ffunction-sections', '-fdata-sections', '-fdata-sections', '-DHAVE_RTEMS_SCORE_CPUOPTS_H=1', '-DHAVE_RTEMS_H=1', '-DHAVE_DLFCN_H=1', '../test.c', '-c', '-o/home/c/development/rtems/rtems-libbsd/build/.conf_check_5704ec2430512804652dde0f22c7f56d/testbuild/test.c.1.o']
yes
--------------------------------------------
Checking for header rtems/rtems-debugger.h
==>
#include <rtems/rtems-debugger.h>

int main(int argc, char **argv) {
	(void)argc; (void)argv;
	return 0;
}

<==
[1/1] Compiling [32mbuild/.conf_check_77055f93f25427c6a6e9407cfca7111b/test.c[0m

['/home/c/development/rtems/rtems-4.12/bin/arm-rtems4.12-gcc', '-qrtems', '-B/home/c/development/rtems/rtems-4.12/arm-rtems4.12/lib/', '-B/home/c/development/rtems/rtems-4.12/arm-rtems4.12/beagleboneblack/lib/', '--specs', 'bsp_specs', '-mcpu=cortex-a8', '-mcpu=cortex-a8', '-ffunction-sections', '-ffunction-sections', '-fdata-sections', '-fdata-sections', '-DHAVE_RTEMS_SCORE_CPUOPTS_H=1', '-DHAVE_RTEMS_H=1', '-DHAVE_DLFCN_H=1', '-DHAVE_RTEMS_PCI_H=1', '../test.c', '-c', '-o/home/c/development/rtems/rtems-libbsd/build/.conf_check_77055f93f25427c6a6e9407cfca7111b/testbuild/test.c.1.o']
yes
-----------------------------------------
--------------------------------------------
RTEMS Version
4.12
--------------------------------------------
Architectures
arm-rtems4.12
--------------------------------------------
Board Support Package
arm-rtems4.12-beagleboneblack
--------------------------------------------
Show commands
no
--------------------------------------------
Long commands
no
--------------------------------------------
Checking for program 'arm-rtems4.12-gcc'
/home/c/development/rtems/rtems-4.12/bin/arm-rtems4.12-gcc
find program=['arm-rtems4.12-gcc'] paths=['/home/c/development/rtems/rtems-4.12/bin', '/home/c/development/rtems/rtems-4.12/bin'] var='ARM_RTEMS4_12_GCC' -> ['/home/c/development/rtems/rtems-4.12/bin/arm-rtems4.12-gcc']
--------------------------------------------
Checking for program 'arm-rtems4.12-g++'
/home/c/development/rtems/rtems-4.12/bin/arm-rtems4.12-g++
find program=['arm-rtems4.12-g++'] paths=['/home/c/development/rtems/rtems-4.12/bin', '/home/c/development/rtems/rtems-4.12/bin'] var='ARM_RTEMS4_12_G++' -> ['/home/c/development/rtems/rtems-4.12/bin/arm-rtems4.12-g++']
--------------------------------------------
Checking for program 'arm-rtems4.12-gcc'
/home/c/development/rtems/rtems-4.12/bin/arm-rtems4.12-gcc
find program=['arm-rtems4.12-gcc'] paths=['/home/c/development/rtems/rtems-4.12/bin', '/home/c/development/rtems/rtems-4.12/bin'] var='ARM_RTEMS4_12_GCC' -> ['/home/c/development/rtems/rtems-4.12/bin/arm-rtems4.12-gcc']
--------------------------------------------
Checking for program 'arm-rtems4.12-ld'
/home/c/development/rtems/rtems-4.12/bin/arm-rtems4.12-ld
find program=['arm-rtems4.12-ld'] paths=['/home/c/development/rtems/rtems-4.12/bin', '/home/c/development/rtems/rtems-4.12/bin'] var='ARM_RTEMS4_12_LD' -> ['/home/c/development/rtems/rtems-4.12/bin/arm-rtems4.12-ld']
--------------------------------------------
Checking for program 'arm-rtems4.12-ar'
/home/c/development/rtems/rtems-4.12/bin/arm-rtems4.12-ar
find program=['arm-rtems4.12-ar'] paths=['/home/c/development/rtems/rtems-4.12/bin', '/home/c/development/rtems/rtems-4.12/bin'] var='ARM_RTEMS4_12_AR' -> ['/home/c/development/rtems/rtems-4.12/bin/arm-rtems4.12-ar']
--------------------------------------------
Checking for program 'arm-rtems4.12-nm'
/home/c/development/rtems/rtems-4.12/bin/arm-rtems4.12-nm
find program=['arm-rtems4.12-nm'] paths=['/home/c/development/rtems/rtems-4.12/bin', '/home/c/development/rtems/rtems-4.12/bin'] var='ARM_RTEMS4_12_NM' -> ['/home/c/development/rtems/rtems-4.12/bin/arm-rtems4.12-nm']
--------------------------------------------
Checking for program 'arm-rtems4.12-objdump'
/home/c/development/rtems/rtems-4.12/bin/arm-rtems4.12-objdump
find program=['arm-rtems4.12-objdump'] paths=['/home/c/development/rtems/rtems-4.12/bin', '/home/c/development/rtems/rtems-4.12/bin'] var='ARM_RTEMS4_12_OBJDUMP' -> ['/home/c/development/rtems/rtems-4.12/bin/arm-rtems4.12-objdump']
--------------------------------------------
Checking for program 'arm-rtems4.12-objcopy'
/home/c/development/rtems/rtems-4.12/bin/arm-rtems4.12-objcopy
find program=['arm-rtems4.12-objcopy'] paths=['/home/c/development/rtems/rtems-4.12/bin', '/home/c/development/rtems/rtems-4.12/bin'] var='ARM_RTEMS4_12_OBJCOPY' -> ['/home/c/development/rtems/rtems-4.12/bin/arm-rtems4.12-objcopy']
--------------------------------------------
Checking for program 'arm-rtems4.12-readelf'
/home/c/development/rtems/rtems-4.12/bin/arm-rtems4.12-readelf
find program=['arm-rtems4.12-readelf'] paths=['/home/c/development/rtems/rtems-4.12/bin', '/home/c/development/rtems/rtems-4.12/bin'] var='ARM_RTEMS4_12_READELF' -> ['/home/c/development/rtems/rtems-4.12/bin/arm-rtems4.12-readelf']
--------------------------------------------
Checking for program 'arm-rtems4.12-strip'
/home/c/development/rtems/rtems-4.12/bin/arm-rtems4.12-strip
find program=['arm-rtems4.12-strip'] paths=['/home/c/development/rtems/rtems-4.12/bin', '/home/c/development/rtems/rtems-4.12/bin'] var='ARM_RTEMS4_12_STRIP' -> ['/home/c/development/rtems/rtems-4.12/bin/arm-rtems4.12-strip']
--------------------------------------------
Checking for program 'rtems-ld'
/home/c/development/rtems/rtems-4.12/bin/rtems-ld
find program=['rtems-ld'] paths=['/home/c/development/rtems/rtems-4.12/bin', '/home/c/development/rtems/rtems-4.12/bin'] var='RTEMS_LD' -> ['/home/c/development/rtems/rtems-4.12/bin/rtems-ld']
--------------------------------------------
Checking for program 'rtems-tld'
/home/c/development/rtems/rtems-4.12/bin/rtems-tld
find program=['rtems-tld'] paths=['/home/c/development/rtems/rtems-4.12/bin', '/home/c/development/rtems/rtems-4.12/bin'] var='RTEMS_TLD' -> ['/home/c/development/rtems/rtems-4.12/bin/rtems-tld']
--------------------------------------------
Checking for program 'rtems-bin2c'
/home/c/development/rtems/rtems-4.12/bin/rtems-bin2c
find program=['rtems-bin2c'] paths=['/home/c/development/rtems/rtems-4.12/bin', '/home/c/development/rtems/rtems-4.12/bin'] var='RTEMS_BIN2C' -> ['/home/c/development/rtems/rtems-4.12/bin/rtems-bin2c']
--------------------------------------------
Checking for program 'tar'
/bin/tar
find program=['tar'] paths=['/home/c/bin', '/home/c/.local/bin', '/home/c/development/rtems/rtems-4.12/bin', '/home/c/development/waf', '/usr/local/sbin', '/usr/local/bin', '/usr/sbin', '/usr/bin', '/sbin', '/bin', '/usr/games', '/usr/local/games', '/snap/bin'] var='TAR' -> ['/bin/tar']
--------------------------------------------
Checking for program 'gcc, cc'
/home/c/development/rtems/rtems-4.12/bin/arm-rtems4.12-gcc
find program=['gcc', 'cc'] paths=['/home/c/bin', '/home/c/.local/bin', '/home/c/development/rtems/rtems-4.12/bin', '/home/c/development/waf', '/usr/local/sbin', '/usr/local/bin', '/usr/sbin', '/usr/bin', '/sbin', '/bin', '/usr/games', '/usr/local/games', '/snap/bin'] var='CC' -> ['/home/c/development/rtems/rtems-4.12/bin/arm-rtems4.12-gcc']
['/home/c/development/rtems/rtems-4.12/bin/arm-rtems4.12-gcc', '-dM', '-E', '-']
out: #define __DBL_MIN_EXP__ (-1021)
#define __HQ_FBIT__ 15
#define __UINT_LEAST16_MAX__ 0xffff
#define __ARM_SIZEOF_WCHAR_T 4
#define __ATOMIC_ACQUIRE 2
#define __SFRACT_IBIT__ 0
#define __FLT_MIN__ 1.1754943508222875e-38F
#define __GCC_IEC_559_COMPLEX 0
#define __UFRACT_MAX__ 0XFFFFP-16UR
#define __UINT_LEAST8_TYPE__ unsigned char
#define __DQ_FBIT__ 63
#define __INTMAX_C(c) c ## LL
#define __ULFRACT_FBIT__ 32
#define __SACCUM_EPSILON__ 0x1P-7HK
#define __CHAR_BIT__ 8
#define __USQ_IBIT__ 0
#define __UINT8_MAX__ 0xff
#define __ACCUM_FBIT__ 15
#define __WINT_MAX__ 0xffffffffU
#define __USFRACT_FBIT__ 8
#define __ORDER_LITTLE_ENDIAN__ 1234
#define __SIZE_MAX__ 0xffffffffU
#define __ARM_ARCH_ISA_ARM 1
#define __WCHAR_MAX__ 0xffffffffU
#define __LACCUM_IBIT__ 32
#define __DBL_DENORM_MIN__ ((double)4.9406564584124654e-324L)
#define __GCC_ATOMIC_CHAR_LOCK_FREE 1
#define __GCC_IEC_559 0
#define __FLT_EVAL_METHOD__ 0
#define __LLACCUM_MAX__ 0X7FFFFFFFFFFFFFFFP-31LLK
#define __GCC_ATOMIC_CHAR32_T_LOCK_FREE 1
#define __FRACT_FBIT__ 15
#define __UINT_FAST64_MAX__ 0xffffffffffffffffULL
#define __SIG_ATOMIC_TYPE__ int
#define __UACCUM_FBIT__ 16
#define __DBL_MIN_10_EXP__ (-307)
#define __FINITE_MATH_ONLY__ 0
#define __ARMEL__ 1
#define __LFRACT_IBIT__ 0
#define __GNUC_PATCHLEVEL__ 1
#define __LFRACT_MAX__ 0X7FFFFFFFP-31LR
#define __UINT_FAST8_MAX__ 0xffffffffU
#define __has_include(STR) __has_include__(STR)
#define __DEC64_MAX_EXP__ 385
#define __INT8_C(c) c
#define __UINT_LEAST64_MAX__ 0xffffffffffffffffULL
#define __SA_FBIT__ 15
#define __SHRT_MAX__ 0x7fff
#define __LDBL_MAX__ 1.7976931348623157e+308L
#define __FRACT_MAX__ 0X7FFFP-15R
#define __UFRACT_FBIT__ 16
#define __UFRACT_MIN__ 0.0UR
#define __UINT_LEAST8_MAX__ 0xff
#define __GCC_ATOMIC_BOOL_LOCK_FREE 1
#define __UINTMAX_TYPE__ long long unsigned int
#define __LLFRACT_EPSILON__ 0x1P-63LLR
#define __DEC32_EPSILON__ 1E-6DF
#define __CHAR_UNSIGNED__ 1
#define __UINT32_MAX__ 0xffffffffUL
#define __ULFRACT_MAX__ 0XFFFFFFFFP-32ULR
#define __TA_IBIT__ 64
#define __LDBL_MAX_EXP__ 1024
#define __WINT_MIN__ 0U
#define __ULLFRACT_MIN__ 0.0ULLR
#define __SCHAR_MAX__ 0x7f
#define __WCHAR_MIN__ 0U
#define __INT64_C(c) c ## LL
#define __DBL_DIG__ 15
#define __GCC_ATOMIC_POINTER_LOCK_FREE 1
#define __LLACCUM_MIN__ (-0X1P31LLK-0X1P31LLK)
#define __SIZEOF_INT__ 4
#define __SIZEOF_POINTER__ 4
#define __USACCUM_IBIT__ 8
#define __USER_LABEL_PREFIX__ 
#define __STDC_HOSTED__ 1
#define __LDBL_HAS_INFINITY__ 1
#define __LFRACT_MIN__ (-0.5LR-0.5LR)
#define __HA_IBIT__ 8
#define __TQ_IBIT__ 0
#define __FLT_EPSILON__ 1.1920928955078125e-7F
#define __APCS_32__ 1
#define __USFRACT_IBIT__ 0
#define __LDBL_MIN__ 2.2250738585072014e-308L
#define __STDC_UTF_16__ 1
#define __FRACT_MIN__ (-0.5R-0.5R)
#define __DEC32_MAX__ 9.999999E96DF
#define __DA_IBIT__ 32
#define __ARM_SIZEOF_MINIMAL_ENUM 1
#define __INT32_MAX__ 0x7fffffffL
#define __UQQ_FBIT__ 8
#define __SIZEOF_LONG__ 4
#define __UACCUM_MAX__ 0XFFFFFFFFP-16UK
#define __UINT16_C(c) c
#define __DECIMAL_DIG__ 17
#define __LFRACT_EPSILON__ 0x1P-31LR
#define __ULFRACT_MIN__ 0.0ULR
#define __has_include_next(STR) __has_include_next__(STR)
#define __LDBL_HAS_QUIET_NAN__ 1
#define __ULACCUM_IBIT__ 32
#define __UACCUM_EPSILON__ 0x1P-16UK
#define __GNUC__ 6
#define __ULLACCUM_MAX__ 0XFFFFFFFFFFFFFFFFP-32ULLK
#define __HQ_IBIT__ 0
#define __FLT_HAS_DENORM__ 1
#define __SIZEOF_LONG_DOUBLE__ 8
#define __BIGGEST_ALIGNMENT__ 8
#define __GNUC_STDC_INLINE__ 1
#define __DQ_IBIT__ 0
#define __DBL_MAX__ ((double)1.7976931348623157e+308L)
#define __ULFRACT_IBIT__ 0
#define __INT_FAST32_MAX__ 0x7fffffff
#define __DBL_HAS_INFINITY__ 1
#define __ACCUM_IBIT__ 16
#define __DEC32_MIN_EXP__ (-94)
#define __THUMB_INTERWORK__ 1
#define __LACCUM_MAX__ 0X7FFFFFFFFFFFFFFFP-31LK
#define __INT_FAST16_TYPE__ int
#define __LDBL_HAS_DENORM__ 1
#define __DEC128_MAX__ 9.999999999999999999999999999999999E6144DL
#define __INT_LEAST32_MAX__ 0x7fffffffL
#define __ARM_PCS 1
#define __DEC32_MIN__ 1E-95DF
#define __ACCUM_MAX__ 0X7FFFFFFFP-15K
#define __DBL_MAX_EXP__ 1024
#define __USACCUM_EPSILON__ 0x1P-8UHK
#define __DEC128_EPSILON__ 1E-33DL
#define __SFRACT_MAX__ 0X7FP-7HR
#define __FRACT_IBIT__ 0
#define __PTRDIFF_MAX__ 0x7fffffff
#define __UACCUM_MIN__ 0.0UK
#define __UACCUM_IBIT__ 16
#define __LONG_LONG_MAX__ 0x7fffffffffffffffLL
#define __SIZEOF_SIZE_T__ 4
#define __ULACCUM_MAX__ 0XFFFFFFFFFFFFFFFFP-32ULK
#define __SIZEOF_WINT_T__ 4
#define __SA_IBIT__ 16
#define __ULLACCUM_MIN__ 0.0ULLK
#define __GXX_ABI_VERSION 1010
#define __UTA_FBIT__ 64
#define __SOFTFP__ 1
#define __FLT_MIN_EXP__ (-125)
#define __USFRACT_MAX__ 0XFFP-8UHR
#define __UFRACT_IBIT__ 0
#define __INT_FAST64_TYPE__ long long int
#define __DBL_MIN__ ((double)2.2250738585072014e-308L)
#define __USE_INIT_FINI__ 1
#define __LACCUM_MIN__ (-0X1P31LK-0X1P31LK)
#define __ULLACCUM_FBIT__ 32
#define __GXX_TYPEINFO_EQUALITY_INLINE 0
#define __ULLFRACT_EPSILON__ 0x1P-64ULLR
#define __USES_INITFINI__ 1
#define __DEC128_MIN__ 1E-6143DL
#define __REGISTER_PREFIX__ 
#define __UINT16_MAX__ 0xffff
#define __DBL_HAS_DENORM__ 1
#define __ACCUM_MIN__ (-0X1P15K-0X1P15K)
#define __SQ_IBIT__ 0
#define __UINT8_TYPE__ unsigned char
#define __UHA_FBIT__ 8
#define __NO_INLINE__ 1
#define __SFRACT_MIN__ (-0.5HR-0.5HR)
#define __UTQ_FBIT__ 128
#define __FLT_MANT_DIG__ 24
#define __VERSION__ "6.2.1 20161110 (RTEMS 4.12, RSB 1c68dbb293922863d5f48ec05559b0fc4b4ea893-modified, Newlib 2.4.0.20161025)"
#define __UINT64_C(c) c ## ULL
#define __ULLFRACT_FBIT__ 64
#define __FRACT_EPSILON__ 0x1P-15R
#define __ULACCUM_MIN__ 0.0ULK
#define __UDA_FBIT__ 32
#define __LLACCUM_EPSILON__ 0x1P-31LLK
#define __GCC_ATOMIC_INT_LOCK_FREE 1
#define __FLOAT_WORD_ORDER__ __ORDER_LITTLE_ENDIAN__
#define __USFRACT_MIN__ 0.0UHR
#define __UQQ_IBIT__ 0
#define __INT32_C(c) c ## L
#define __DEC64_EPSILON__ 1E-15DD
#define __ORDER_PDP_ENDIAN__ 3412
#define __DEC128_MIN_EXP__ (-6142)
#define __UHQ_FBIT__ 16
#define __LLACCUM_FBIT__ 31
#define __INT_FAST32_TYPE__ int
#define __UINT_LEAST16_TYPE__ short unsigned int
#define __INT16_MAX__ 0x7fff
#define __SIZE_TYPE__ unsigned int
#define __UINT64_MAX__ 0xffffffffffffffffULL
#define __UDQ_FBIT__ 64
#define __INT8_TYPE__ signed char
#define __ELF__ 1
#define __ULFRACT_EPSILON__ 0x1P-32ULR
#define __LLFRACT_FBIT__ 63
#define __rtems__ 1
#define __FLT_RADIX__ 2
#define __INT_LEAST16_TYPE__ short int
#define __LDBL_EPSILON__ 2.2204460492503131e-16L
#define __UINTMAX_C(c) c ## ULL
#define __SACCUM_MAX__ 0X7FFFP-7HK
#define __SIG_ATOMIC_MAX__ 0x7fffffff
#define __GCC_ATOMIC_WCHAR_T_LOCK_FREE 1
#define __VFP_FP__ 1
#define __SIZEOF_PTRDIFF_T__ 4
#define __LACCUM_EPSILON__ 0x1P-31LK
#define __DEC32_SUBNORMAL_MIN__ 0.000001E-95DF
#define __INT_FAST16_MAX__ 0x7fffffff
#define __UINT_FAST32_MAX__ 0xffffffffU
#define __UINT_LEAST64_TYPE__ long long unsigned int
#define __USACCUM_MAX__ 0XFFFFP-8UHK
#define __SFRACT_EPSILON__ 0x1P-7HR
#define __FLT_HAS_QUIET_NAN__ 1
#define __FLT_MAX_10_EXP__ 38
#define __LONG_MAX__ 0x7fffffffL
#define __DEC128_SUBNORMAL_MIN__ 0.000000000000000000000000000000001E-6143DL
#define __FLT_HAS_INFINITY__ 1
#define __USA_FBIT__ 16
#define __UINT_FAST16_TYPE__ unsigned int
#define __DEC64_MAX__ 9.999999999999999E384DD
#define __ARM_32BIT_STATE 1
#define __CHAR16_TYPE__ short unsigned int
#define __PRAGMA_REDEFINE_EXTNAME 1
#define __INT_LEAST16_MAX__ 0x7fff
#define __DEC64_MANT_DIG__ 16
#define __INT64_MAX__ 0x7fffffffffffffffLL
#define __UINT_LEAST32_MAX__ 0xffffffffUL
#define __SACCUM_FBIT__ 7
#define __GCC_ATOMIC_LONG_LOCK_FREE 1
#define __INT_LEAST64_TYPE__ long long int
#define __INT16_TYPE__ short int
#define __INT_LEAST8_TYPE__ signed char
#define __STDC_VERSION__ 201112L
#define __SQ_FBIT__ 31
#define __DEC32_MAX_EXP__ 97
#define __ARM_ARCH_ISA_THUMB 1
#define __INT_FAST8_MAX__ 0x7fffffff
#define __ARM_ARCH 4
#define __INTPTR_MAX__ 0x7fffffff
#define __QQ_FBIT__ 7
#define __UTA_IBIT__ 64
#define __LDBL_MANT_DIG__ 53
#define __SFRACT_FBIT__ 7
#define __SACCUM_MIN__ (-0X1P7HK-0X1P7HK)
#define __DBL_HAS_QUIET_NAN__ 1
#define __SIG_ATOMIC_MIN__ (-__SIG_ATOMIC_MAX__ - 1)
#define __INTPTR_TYPE__ int
#define __UINT16_TYPE__ short unsigned int
#define __WCHAR_TYPE__ unsigned int
#define __SIZEOF_FLOAT__ 4
#define __USQ_FBIT__ 32
#define __UINTPTR_MAX__ 0xffffffffU
#define __DEC64_MIN_EXP__ (-382)
#define __ULLACCUM_IBIT__ 32
#define __INT_FAST64_MAX__ 0x7fffffffffffffffLL
#define __GCC_ATOMIC_TEST_AND_SET_TRUEVAL 1
#define __FLT_DIG__ 6
#define __UINT_FAST64_TYPE__ long long unsigned int
#define __INT_MAX__ 0x7fffffff
#define __LACCUM_FBIT__ 31
#define __USACCUM_MIN__ 0.0UHK
#define __UHA_IBIT__ 8
#define __INT64_TYPE__ long long int
#define __FLT_MAX_EXP__ 128
#define __UTQ_IBIT__ 0
#define __DBL_MANT_DIG__ 53
#define __INT_LEAST64_MAX__ 0x7fffffffffffffffLL
#define __GCC_ATOMIC_CHAR16_T_LOCK_FREE 1
#define __DEC64_MIN__ 1E-383DD
#define __WINT_TYPE__ unsigned int
#define __UINT_LEAST32_TYPE__ long unsigned int
#define __SIZEOF_SHORT__ 2
#define __ULLFRACT_IBIT__ 0
#define __LDBL_MIN_EXP__ (-1021)
#define __arm__ 1
#define __UDA_IBIT__ 32
#define __INT_LEAST8_MAX__ 0x7f
#define __LFRACT_FBIT__ 31
#define __LDBL_MAX_10_EXP__ 308
#define __ATOMIC_RELAXED 0
#define __DBL_EPSILON__ ((double)2.2204460492503131e-16L)
#define __UINT8_C(c) c
#define __INT_LEAST32_TYPE__ long int
#define __SIZEOF_WCHAR_T__ 4
#define __UINT64_TYPE__ long long unsigned int
#define __LLFRACT_MAX__ 0X7FFFFFFFFFFFFFFFP-63LLR
#define __TQ_FBIT__ 127
#define __INT_FAST8_TYPE__ int
#define __ULLACCUM_EPSILON__ 0x1P-32ULLK
#define __UHQ_IBIT__ 0
#define __LLACCUM_IBIT__ 32
#define __DBL_DECIMAL_DIG__ 17
#define __STDC_UTF_32__ 1
#define __DEC_EVAL_METHOD__ 2
#define __TA_FBIT__ 63
#define __UDQ_IBIT__ 0
#define __ORDER_BIG_ENDIAN__ 4321
#define __ACCUM_EPSILON__ 0x1P-15K
#define __UINT32_C(c) c ## UL
#define __INTMAX_MAX__ 0x7fffffffffffffffLL
#define __BYTE_ORDER__ __ORDER_LITTLE_ENDIAN__
#define __FLT_DENORM_MIN__ 1.4012984643248171e-45F
#define __LLFRACT_IBIT__ 0
#define __INT8_MAX__ 0x7f
#define __UINT_FAST32_TYPE__ unsigned int
#define __CHAR32_TYPE__ long unsigned int
#define __FLT_MAX__ 3.4028234663852886e+38F
#define __USACCUM_FBIT__ 8
#define __INT32_TYPE__ long int
#define __SIZEOF_DOUBLE__ 8
#define __FLT_MIN_10_EXP__ (-37)
#define __UFRACT_EPSILON__ 0x1P-16UR
#define __INTMAX_TYPE__ long long int
#define __DEC128_MAX_EXP__ 6145
#define __ATOMIC_CONSUME 1
#define __GNUC_MINOR__ 2
#define __UINTMAX_MAX__ 0xffffffffffffffffULL
#define __DEC32_MANT_DIG__ 7
#define __HA_FBIT__ 7
#define __DBL_MAX_10_EXP__ 308
#define __LDBL_DENORM_MIN__ 4.9406564584124654e-324L
#define __INT16_C(c) c
#define __STDC__ 1
#define __ARM_ARCH_4T__ 1
#define __PTRDIFF_TYPE__ int
#define __LLFRACT_MIN__ (-0.5LLR-0.5LLR)
#define __ATOMIC_SEQ_CST 5
#define __DA_FBIT__ 31
#define __UINT32_TYPE__ long unsigned int
#define __UINTPTR_TYPE__ unsigned int
#define __USA_IBIT__ 16
#define __DEC64_SUBNORMAL_MIN__ 0.000000000000001E-383DD
#define __ARM_EABI__ 1
#define __DEC128_MANT_DIG__ 34
#define __LDBL_MIN_10_EXP__ (-307)
#define __SIZEOF_LONG_LONG__ 8
#define __ULACCUM_EPSILON__ 0x1P-32ULK
#define __SACCUM_IBIT__ 8
#define __GCC_ATOMIC_LLONG_LOCK_FREE 1
#define __LDBL_DIG__ 15
#define __FLT_DECIMAL_DIG__ 9
#define __UINT_FAST16_MAX__ 0xffffffffU
#define __GCC_ATOMIC_SHORT_LOCK_FREE 1
#define __ULLFRACT_MAX__ 0XFFFFFFFFFFFFFFFFP-64ULLR
#define __UINT_FAST8_TYPE__ unsigned int
#define __USFRACT_EPSILON__ 0x1P-8UHR
#define __ULACCUM_FBIT__ 32
#define __QQ_IBIT__ 0
#define __ATOMIC_ACQ_REL 4
#define __ATOMIC_RELEASE 3

--------------------------------------------
Checking for program 'ar'
/home/c/development/rtems/rtems-4.12/bin/arm-rtems4.12-ar
find program=['ar'] paths=['/home/c/bin', '/home/c/.local/bin', '/home/c/development/rtems/rtems-4.12/bin', '/home/c/development/waf', '/usr/local/sbin', '/usr/local/bin', '/usr/sbin', '/usr/bin', '/sbin', '/bin', '/usr/games', '/usr/local/games', '/snap/bin'] var='AR' -> ['/home/c/development/rtems/rtems-4.12/bin/arm-rtems4.12-ar']
--------------------------------------------
Checking for program 'g++, c++'
/home/c/development/rtems/rtems-4.12/bin/arm-rtems4.12-g++
find program=['g++', 'c++'] paths=['/home/c/bin', '/home/c/.local/bin', '/home/c/development/rtems/rtems-4.12/bin', '/home/c/development/waf', '/usr/local/sbin', '/usr/local/bin', '/usr/sbin', '/usr/bin', '/sbin', '/bin', '/usr/games', '/usr/local/games', '/snap/bin'] var='CXX' -> ['/home/c/development/rtems/rtems-4.12/bin/arm-rtems4.12-g++']
['/home/c/development/rtems/rtems-4.12/bin/arm-rtems4.12-g++', '-dM', '-E', '-']
out: #define __DBL_MIN_EXP__ (-1021)
#define __HQ_FBIT__ 15
#define __UINT_LEAST16_MAX__ 0xffff
#define __ARM_SIZEOF_WCHAR_T 4
#define __ATOMIC_ACQUIRE 2
#define __SFRACT_IBIT__ 0
#define __FLT_MIN__ 1.1754943508222875e-38F
#define __GCC_IEC_559_COMPLEX 0
#define __UFRACT_MAX__ 0XFFFFP-16UR
#define __UINT_LEAST8_TYPE__ unsigned char
#define __DQ_FBIT__ 63
#define __INTMAX_C(c) c ## LL
#define __ULFRACT_FBIT__ 32
#define __SACCUM_EPSILON__ 0x1P-7HK
#define __CHAR_BIT__ 8
#define __USQ_IBIT__ 0
#define __UINT8_MAX__ 0xff
#define __ACCUM_FBIT__ 15
#define __WINT_MAX__ 0xffffffffU
#define __USFRACT_FBIT__ 8
#define __ORDER_LITTLE_ENDIAN__ 1234
#define __SIZE_MAX__ 0xffffffffU
#define __ARM_ARCH_ISA_ARM 1
#define __WCHAR_MAX__ 0xffffffffU
#define __LACCUM_IBIT__ 32
#define __DBL_DENORM_MIN__ ((double)4.9406564584124654e-324L)
#define __GCC_ATOMIC_CHAR_LOCK_FREE 1
#define __GCC_IEC_559 0
#define __FLT_EVAL_METHOD__ 0
#define __LLACCUM_MAX__ 0X7FFFFFFFFFFFFFFFP-31LLK
#define __GCC_ATOMIC_CHAR32_T_LOCK_FREE 1
#define __FRACT_FBIT__ 15
#define __UINT_FAST64_MAX__ 0xffffffffffffffffULL
#define __SIG_ATOMIC_TYPE__ int
#define __UACCUM_FBIT__ 16
#define __DBL_MIN_10_EXP__ (-307)
#define __FINITE_MATH_ONLY__ 0
#define __ARMEL__ 1
#define __LFRACT_IBIT__ 0
#define __GNUC_PATCHLEVEL__ 1
#define __LFRACT_MAX__ 0X7FFFFFFFP-31LR
#define __UINT_FAST8_MAX__ 0xffffffffU
#define __has_include(STR) __has_include__(STR)
#define __DEC64_MAX_EXP__ 385
#define __INT8_C(c) c
#define __UINT_LEAST64_MAX__ 0xffffffffffffffffULL
#define __SA_FBIT__ 15
#define __SHRT_MAX__ 0x7fff
#define __LDBL_MAX__ 1.7976931348623157e+308L
#define __FRACT_MAX__ 0X7FFFP-15R
#define __UFRACT_FBIT__ 16
#define __UFRACT_MIN__ 0.0UR
#define __UINT_LEAST8_MAX__ 0xff
#define __GCC_ATOMIC_BOOL_LOCK_FREE 1
#define __UINTMAX_TYPE__ long long unsigned int
#define __LLFRACT_EPSILON__ 0x1P-63LLR
#define __DEC32_EPSILON__ 1E-6DF
#define __CHAR_UNSIGNED__ 1
#define __UINT32_MAX__ 0xffffffffUL
#define __ULFRACT_MAX__ 0XFFFFFFFFP-32ULR
#define __TA_IBIT__ 64
#define __LDBL_MAX_EXP__ 1024
#define __WINT_MIN__ 0U
#define __ULLFRACT_MIN__ 0.0ULLR
#define __SCHAR_MAX__ 0x7f
#define __WCHAR_MIN__ 0U
#define __INT64_C(c) c ## LL
#define __DBL_DIG__ 15
#define __GCC_ATOMIC_POINTER_LOCK_FREE 1
#define __LLACCUM_MIN__ (-0X1P31LLK-0X1P31LLK)
#define __SIZEOF_INT__ 4
#define __SIZEOF_POINTER__ 4
#define __USACCUM_IBIT__ 8
#define __USER_LABEL_PREFIX__ 
#define __STDC_HOSTED__ 1
#define __LDBL_HAS_INFINITY__ 1
#define __LFRACT_MIN__ (-0.5LR-0.5LR)
#define __HA_IBIT__ 8
#define __TQ_IBIT__ 0
#define __FLT_EPSILON__ 1.1920928955078125e-7F
#define __APCS_32__ 1
#define __USFRACT_IBIT__ 0
#define __LDBL_MIN__ 2.2250738585072014e-308L
#define __STDC_UTF_16__ 1
#define __FRACT_MIN__ (-0.5R-0.5R)
#define __DEC32_MAX__ 9.999999E96DF
#define __DA_IBIT__ 32
#define __ARM_SIZEOF_MINIMAL_ENUM 1
#define __INT32_MAX__ 0x7fffffffL
#define __UQQ_FBIT__ 8
#define __SIZEOF_LONG__ 4
#define __UACCUM_MAX__ 0XFFFFFFFFP-16UK
#define __UINT16_C(c) c
#define __DECIMAL_DIG__ 17
#define __LFRACT_EPSILON__ 0x1P-31LR
#define __ULFRACT_MIN__ 0.0ULR
#define __has_include_next(STR) __has_include_next__(STR)
#define __LDBL_HAS_QUIET_NAN__ 1
#define __ULACCUM_IBIT__ 32
#define __UACCUM_EPSILON__ 0x1P-16UK
#define __GNUC__ 6
#define __ULLACCUM_MAX__ 0XFFFFFFFFFFFFFFFFP-32ULLK
#define __HQ_IBIT__ 0
#define __FLT_HAS_DENORM__ 1
#define __SIZEOF_LONG_DOUBLE__ 8
#define __BIGGEST_ALIGNMENT__ 8
#define __GNUC_STDC_INLINE__ 1
#define __DQ_IBIT__ 0
#define __DBL_MAX__ ((double)1.7976931348623157e+308L)
#define __ULFRACT_IBIT__ 0
#define __INT_FAST32_MAX__ 0x7fffffff
#define __DBL_HAS_INFINITY__ 1
#define __ACCUM_IBIT__ 16
#define __DEC32_MIN_EXP__ (-94)
#define __THUMB_INTERWORK__ 1
#define __LACCUM_MAX__ 0X7FFFFFFFFFFFFFFFP-31LK
#define __INT_FAST16_TYPE__ int
#define __LDBL_HAS_DENORM__ 1
#define __DEC128_MAX__ 9.999999999999999999999999999999999E6144DL
#define __INT_LEAST32_MAX__ 0x7fffffffL
#define __ARM_PCS 1
#define __DEC32_MIN__ 1E-95DF
#define __ACCUM_MAX__ 0X7FFFFFFFP-15K
#define __DBL_MAX_EXP__ 1024
#define __USACCUM_EPSILON__ 0x1P-8UHK
#define __DEC128_EPSILON__ 1E-33DL
#define __SFRACT_MAX__ 0X7FP-7HR
#define __FRACT_IBIT__ 0
#define __PTRDIFF_MAX__ 0x7fffffff
#define __UACCUM_MIN__ 0.0UK
#define __UACCUM_IBIT__ 16
#define __LONG_LONG_MAX__ 0x7fffffffffffffffLL
#define __SIZEOF_SIZE_T__ 4
#define __ULACCUM_MAX__ 0XFFFFFFFFFFFFFFFFP-32ULK
#define __SIZEOF_WINT_T__ 4
#define __SA_IBIT__ 16
#define __ULLACCUM_MIN__ 0.0ULLK
#define __GXX_ABI_VERSION 1010
#define __UTA_FBIT__ 64
#define __SOFTFP__ 1
#define __FLT_MIN_EXP__ (-125)
#define __USFRACT_MAX__ 0XFFP-8UHR
#define __UFRACT_IBIT__ 0
#define __INT_FAST64_TYPE__ long long int
#define __DBL_MIN__ ((double)2.2250738585072014e-308L)
#define __USE_INIT_FINI__ 1
#define __LACCUM_MIN__ (-0X1P31LK-0X1P31LK)
#define __ULLACCUM_FBIT__ 32
#define __GXX_TYPEINFO_EQUALITY_INLINE 0
#define __ULLFRACT_EPSILON__ 0x1P-64ULLR
#define __USES_INITFINI__ 1
#define __DEC128_MIN__ 1E-6143DL
#define __REGISTER_PREFIX__ 
#define __UINT16_MAX__ 0xffff
#define __DBL_HAS_DENORM__ 1
#define __ACCUM_MIN__ (-0X1P15K-0X1P15K)
#define __SQ_IBIT__ 0
#define __UINT8_TYPE__ unsigned char
#define __UHA_FBIT__ 8
#define __NO_INLINE__ 1
#define __SFRACT_MIN__ (-0.5HR-0.5HR)
#define __UTQ_FBIT__ 128
#define __FLT_MANT_DIG__ 24
#define __VERSION__ "6.2.1 20161110 (RTEMS 4.12, RSB 1c68dbb293922863d5f48ec05559b0fc4b4ea893-modified, Newlib 2.4.0.20161025)"
#define __UINT64_C(c) c ## ULL
#define __ULLFRACT_FBIT__ 64
#define __FRACT_EPSILON__ 0x1P-15R
#define __ULACCUM_MIN__ 0.0ULK
#define __UDA_FBIT__ 32
#define __LLACCUM_EPSILON__ 0x1P-31LLK
#define __GCC_ATOMIC_INT_LOCK_FREE 1
#define __FLOAT_WORD_ORDER__ __ORDER_LITTLE_ENDIAN__
#define __USFRACT_MIN__ 0.0UHR
#define __UQQ_IBIT__ 0
#define __INT32_C(c) c ## L
#define __DEC64_EPSILON__ 1E-15DD
#define __ORDER_PDP_ENDIAN__ 3412
#define __DEC128_MIN_EXP__ (-6142)
#define __UHQ_FBIT__ 16
#define __LLACCUM_FBIT__ 31
#define __INT_FAST32_TYPE__ int
#define __UINT_LEAST16_TYPE__ short unsigned int
#define __INT16_MAX__ 0x7fff
#define __SIZE_TYPE__ unsigned int
#define __UINT64_MAX__ 0xffffffffffffffffULL
#define __UDQ_FBIT__ 64
#define __INT8_TYPE__ signed char
#define __ELF__ 1
#define __ULFRACT_EPSILON__ 0x1P-32ULR
#define __LLFRACT_FBIT__ 63
#define __rtems__ 1
#define __FLT_RADIX__ 2
#define __INT_LEAST16_TYPE__ short int
#define __LDBL_EPSILON__ 2.2204460492503131e-16L
#define __UINTMAX_C(c) c ## ULL
#define __SACCUM_MAX__ 0X7FFFP-7HK
#define __SIG_ATOMIC_MAX__ 0x7fffffff
#define __GCC_ATOMIC_WCHAR_T_LOCK_FREE 1
#define __VFP_FP__ 1
#define __SIZEOF_PTRDIFF_T__ 4
#define __LACCUM_EPSILON__ 0x1P-31LK
#define __DEC32_SUBNORMAL_MIN__ 0.000001E-95DF
#define __INT_FAST16_MAX__ 0x7fffffff
#define __UINT_FAST32_MAX__ 0xffffffffU
#define __UINT_LEAST64_TYPE__ long long unsigned int
#define __USACCUM_MAX__ 0XFFFFP-8UHK
#define __SFRACT_EPSILON__ 0x1P-7HR
#define __FLT_HAS_QUIET_NAN__ 1
#define __FLT_MAX_10_EXP__ 38
#define __LONG_MAX__ 0x7fffffffL
#define __DEC128_SUBNORMAL_MIN__ 0.000000000000000000000000000000001E-6143DL
#define __FLT_HAS_INFINITY__ 1
#define __USA_FBIT__ 16
#define __UINT_FAST16_TYPE__ unsigned int
#define __DEC64_MAX__ 9.999999999999999E384DD
#define __ARM_32BIT_STATE 1
#define __CHAR16_TYPE__ short unsigned int
#define __PRAGMA_REDEFINE_EXTNAME 1
#define __INT_LEAST16_MAX__ 0x7fff
#define __DEC64_MANT_DIG__ 16
#define __INT64_MAX__ 0x7fffffffffffffffLL
#define __UINT_LEAST32_MAX__ 0xffffffffUL
#define __SACCUM_FBIT__ 7
#define __GCC_ATOMIC_LONG_LOCK_FREE 1
#define __INT_LEAST64_TYPE__ long long int
#define __INT16_TYPE__ short int
#define __INT_LEAST8_TYPE__ signed char
#define __STDC_VERSION__ 201112L
#define __SQ_FBIT__ 31
#define __DEC32_MAX_EXP__ 97
#define __ARM_ARCH_ISA_THUMB 1
#define __INT_FAST8_MAX__ 0x7fffffff
#define __ARM_ARCH 4
#define __INTPTR_MAX__ 0x7fffffff
#define __QQ_FBIT__ 7
#define __UTA_IBIT__ 64
#define __LDBL_MANT_DIG__ 53
#define __SFRACT_FBIT__ 7
#define __SACCUM_MIN__ (-0X1P7HK-0X1P7HK)
#define __DBL_HAS_QUIET_NAN__ 1
#define __SIG_ATOMIC_MIN__ (-__SIG_ATOMIC_MAX__ - 1)
#define __INTPTR_TYPE__ int
#define __UINT16_TYPE__ short unsigned int
#define __WCHAR_TYPE__ unsigned int
#define __SIZEOF_FLOAT__ 4
#define __USQ_FBIT__ 32
#define __UINTPTR_MAX__ 0xffffffffU
#define __DEC64_MIN_EXP__ (-382)
#define __ULLACCUM_IBIT__ 32
#define __INT_FAST64_MAX__ 0x7fffffffffffffffLL
#define __GCC_ATOMIC_TEST_AND_SET_TRUEVAL 1
#define __FLT_DIG__ 6
#define __UINT_FAST64_TYPE__ long long unsigned int
#define __INT_MAX__ 0x7fffffff
#define __LACCUM_FBIT__ 31
#define __USACCUM_MIN__ 0.0UHK
#define __UHA_IBIT__ 8
#define __INT64_TYPE__ long long int
#define __FLT_MAX_EXP__ 128
#define __UTQ_IBIT__ 0
#define __DBL_MANT_DIG__ 53
#define __INT_LEAST64_MAX__ 0x7fffffffffffffffLL
#define __GCC_ATOMIC_CHAR16_T_LOCK_FREE 1
#define __DEC64_MIN__ 1E-383DD
#define __WINT_TYPE__ unsigned int
#define __UINT_LEAST32_TYPE__ long unsigned int
#define __SIZEOF_SHORT__ 2
#define __ULLFRACT_IBIT__ 0
#define __LDBL_MIN_EXP__ (-1021)
#define __arm__ 1
#define __UDA_IBIT__ 32
#define __INT_LEAST8_MAX__ 0x7f
#define __LFRACT_FBIT__ 31
#define __LDBL_MAX_10_EXP__ 308
#define __ATOMIC_RELAXED 0
#define __DBL_EPSILON__ ((double)2.2204460492503131e-16L)
#define __UINT8_C(c) c
#define __INT_LEAST32_TYPE__ long int
#define __SIZEOF_WCHAR_T__ 4
#define __UINT64_TYPE__ long long unsigned int
#define __LLFRACT_MAX__ 0X7FFFFFFFFFFFFFFFP-63LLR
#define __TQ_FBIT__ 127
#define __INT_FAST8_TYPE__ int
#define __ULLACCUM_EPSILON__ 0x1P-32ULLK
#define __UHQ_IBIT__ 0
#define __LLACCUM_IBIT__ 32
#define __DBL_DECIMAL_DIG__ 17
#define __STDC_UTF_32__ 1
#define __DEC_EVAL_METHOD__ 2
#define __TA_FBIT__ 63
#define __UDQ_IBIT__ 0
#define __ORDER_BIG_ENDIAN__ 4321
#define __ACCUM_EPSILON__ 0x1P-15K
#define __UINT32_C(c) c ## UL
#define __INTMAX_MAX__ 0x7fffffffffffffffLL
#define __BYTE_ORDER__ __ORDER_LITTLE_ENDIAN__
#define __FLT_DENORM_MIN__ 1.4012984643248171e-45F
#define __LLFRACT_IBIT__ 0
#define __INT8_MAX__ 0x7f
#define __UINT_FAST32_TYPE__ unsigned int
#define __CHAR32_TYPE__ long unsigned int
#define __FLT_MAX__ 3.4028234663852886e+38F
#define __USACCUM_FBIT__ 8
#define __INT32_TYPE__ long int
#define __SIZEOF_DOUBLE__ 8
#define __FLT_MIN_10_EXP__ (-37)
#define __UFRACT_EPSILON__ 0x1P-16UR
#define __INTMAX_TYPE__ long long int
#define __DEC128_MAX_EXP__ 6145
#define __ATOMIC_CONSUME 1
#define __GNUC_MINOR__ 2
#define __UINTMAX_MAX__ 0xffffffffffffffffULL
#define __DEC32_MANT_DIG__ 7
#define __HA_FBIT__ 7
#define __DBL_MAX_10_EXP__ 308
#define __LDBL_DENORM_MIN__ 4.9406564584124654e-324L
#define __INT16_C(c) c
#define __STDC__ 1
#define __ARM_ARCH_4T__ 1
#define __PTRDIFF_TYPE__ int
#define __LLFRACT_MIN__ (-0.5LLR-0.5LLR)
#define __ATOMIC_SEQ_CST 5
#define __DA_FBIT__ 31
#define __UINT32_TYPE__ long unsigned int
#define __UINTPTR_TYPE__ unsigned int
#define __USA_IBIT__ 16
#define __DEC64_SUBNORMAL_MIN__ 0.000000000000001E-383DD
#define __ARM_EABI__ 1
#define __DEC128_MANT_DIG__ 34
#define __LDBL_MIN_10_EXP__ (-307)
#define __SIZEOF_LONG_LONG__ 8
#define __ULACCUM_EPSILON__ 0x1P-32ULK
#define __SACCUM_IBIT__ 8
#define __GCC_ATOMIC_LLONG_LOCK_FREE 1
#define __LDBL_DIG__ 15
#define __FLT_DECIMAL_DIG__ 9
#define __UINT_FAST16_MAX__ 0xffffffffU
#define __GCC_ATOMIC_SHORT_LOCK_FREE 1
#define __ULLFRACT_MAX__ 0XFFFFFFFFFFFFFFFFP-64ULLR
#define __UINT_FAST8_TYPE__ unsigned int
#define __USFRACT_EPSILON__ 0x1P-8UHR
#define __ULACCUM_FBIT__ 32
#define __QQ_IBIT__ 0
#define __ATOMIC_ACQ_REL 4
#define __ATOMIC_RELEASE 3

--------------------------------------------
Checking for program 'ar'
/home/c/development/rtems/rtems-4.12/bin/arm-rtems4.12-ar
find program=['ar'] paths=['/home/c/bin', '/home/c/.local/bin', '/home/c/development/rtems/rtems-4.12/bin', '/home/c/development/waf', '/usr/local/sbin', '/usr/local/bin', '/usr/sbin', '/usr/bin', '/sbin', '/bin', '/usr/games', '/usr/local/games', '/snap/bin'] var='AR' -> ['/home/c/development/rtems/rtems-4.12/bin/arm-rtems4.12-ar']
--------------------------------------------
Checking for program 'gas, gcc'
/home/c/development/rtems/rtems-4.12/bin/arm-rtems4.12-gcc
find program=['gas', 'gcc'] paths=['/home/c/bin', '/home/c/.local/bin', '/home/c/development/rtems/rtems-4.12/bin', '/home/c/development/waf', '/usr/local/sbin', '/usr/local/bin', '/usr/sbin', '/usr/bin', '/sbin', '/bin', '/usr/games', '/usr/local/games', '/snap/bin'] var='AS' -> ['/home/c/development/rtems/rtems-4.12/bin/arm-rtems4.12-gcc']
--------------------------------------------
Checking for program 'ar'
/home/c/development/rtems/rtems-4.12/bin/arm-rtems4.12-ar
find program=['ar'] paths=['/home/c/bin', '/home/c/.local/bin', '/home/c/development/rtems/rtems-4.12/bin', '/home/c/development/waf', '/usr/local/sbin', '/usr/local/bin', '/usr/sbin', '/usr/bin', '/sbin', '/bin', '/usr/games', '/usr/local/games', '/snap/bin'] var='AR' -> ['/home/c/development/rtems/rtems-4.12/bin/arm-rtems4.12-ar']
['/home/c/development/rtems/rtems-4.12/bin/arm-rtems4.12-gcc', '--version']
out: arm-rtems4.12-gcc (GCC) 6.2.1 20161110 (RTEMS 4.12, RSB 1c68dbb293922863d5f48ec05559b0fc4b4ea893-modified, Newlib 2.4.0.20161025)
Copyright (C) 2016 Free Software Foundation, Inc.
This is free software; see the source for copying conditions.  There is NO
warranty; not even for MERCHANTABILITY or FITNESS FOR A PARTICULAR PURPOSE.


--------------------------------------------
Compiler version (arm-rtems4.12-gcc)
6.2.1 20161110 (RTEMS 4.12, RSB 1c68dbb293922863d5f48ec05559b0fc4b4ea893-modified, Newlib 2.4.0.20161025)
Opening and load pkgconfig: /home/c/development/rtems/rtems-4.12/lib/pkgconfig/arm-rtems4.12-beagleboneblack.pc
-----------------------------------------
CFLAGS ->
   -qrtems -B/home/c/development/rtems/rtems-4.12/arm-rtems4.12/lib/ -B/home/c/development/rtems/rtems-4.12/arm-rtems4.12/beagleboneblack/lib/ --specs bsp_specs -mcpu=cortex-a8 -O2 -g -ffunction-sections -fdata-sections -Wall -Wmissing-prototypes -Wimplicit-function-declaration -Wstrict-prototypes -Wnested-externs
LDFLAGS ->
pkconfig warning: Label not found: LDFLAGS
  
LIB ->
pkconfig warning: Label not found: LIB
  
--------------------------------------------
Checking for RTEMS CPU options header
started
==>
#include <rtems/score/cpuopts.h>

int main(int argc, char **argv) {
	(void)argc; (void)argv;
	return 0;
}

<==
[1/2] Compiling [32mbuild/.conf_check_fa0ca45cac2419ee099125e487bdbb00/test.cpp[0m

['/home/c/development/rtems/rtems-4.12/bin/arm-rtems4.12-g++', '-qrtems', '-B/home/c/development/rtems/rtems-4.12/arm-rtems4.12/lib/', '-B/home/c/development/rtems/rtems-4.12/arm-rtems4.12/beagleboneblack/lib/', '--specs', 'bsp_specs', '-mcpu=cortex-a8', '-mcpu=cortex-a8', '-ffunction-sections', '-ffunction-sections', '-fdata-sections', '-fdata-sections', '../test.cpp', '-c', '-o/home/c/development/rtems/rtems-libbsd/build/.conf_check_fa0ca45cac2419ee099125e487bdbb00/testbuild/test.cpp.1.o']
[2/2] Linking [33mbuild/.conf_check_fa0ca45cac2419ee099125e487bdbb00/testbuild/testprog[0m

['/home/c/development/rtems/rtems-4.12/bin/arm-rtems4.12-g++', '-qrtems', '-B/home/c/development/rtems/rtems-4.12/arm-rtems4.12/lib/', '-B/home/c/development/rtems/rtems-4.12/arm-rtems4.12/beagleboneblack/lib/', '--specs', 'bsp_specs', '-mcpu=cortex-a8', '-mcpu=cortex-a8', '-ffunction-sections', '-ffunction-sections', '-fdata-sections', '-fdata-sections', 'test.cpp.1.o', '-o/home/c/development/rtems/rtems-libbsd/build/.conf_check_fa0ca45cac2419ee099125e487bdbb00/testbuild/testprog', '-Wl,-Bstatic', '-Wl,-Bdynamic']
--------------------------------------------
-> processing test results
all ok
--------------------------------------------
Checking for RTEMS_DEBUG
==>
#include <rtems/score/cpuopts.h>
#ifndef RTEMS_DEBUG
 #error RTEMS_DEBUG is not defined
#endif
#if RTEMS_DEBUG
 /* RTEMS_DEBUG is true */
#else
 #error RTEMS_DEBUG is false
#endif
int main() { return 0; }

<==
[1/2] Compiling [32mbuild/.conf_check_51e855bfd5318ac896d10c6de53be1fc/test.c[0m

['/home/c/development/rtems/rtems-4.12/bin/arm-rtems4.12-gcc', '-qrtems', '-B/home/c/development/rtems/rtems-4.12/arm-rtems4.12/lib/', '-B/home/c/development/rtems/rtems-4.12/arm-rtems4.12/beagleboneblack/lib/', '--specs', 'bsp_specs', '-mcpu=cortex-a8', '-mcpu=cortex-a8', '-ffunction-sections', '-ffunction-sections', '-fdata-sections', '-fdata-sections', '-DHAVE_RTEMS_SCORE_CPUOPTS_H=1', '../test.c', '-c', '-o/home/c/development/rtems/rtems-libbsd/build/.conf_check_51e855bfd5318ac896d10c6de53be1fc/testbuild/test.c.1.o']
err: ../test.c:3:3: error: #error RTEMS_DEBUG is not defined
  #error RTEMS_DEBUG is not defined
   ^~~~~
../test.c:8:3: error: #error RTEMS_DEBUG is false
  #error RTEMS_DEBUG is false
   ^~~~~

from /home/c/development/rtems/rtems-libbsd: Test does not build: Traceback (most recent call last):
  File "/home/c/development/waf/.waf-1.9.6-f0747ab58da011e8fbf81cf356ab0bbc/waflib/Configure.py", line 324, in run_build
    bld.compile()
  File "/home/c/development/waf/.waf-1.9.6-f0747ab58da011e8fbf81cf356ab0bbc/waflib/Build.py", line 181, in compile
    raise Errors.BuildError(self.producer.error)
BuildError: Build failed
 -> task in 'testprog' failed with exit status 1 (run with -v to display more information)

no
from /home/c/development/rtems/rtems-libbsd: The configuration failed
--------------------------------------------
Checking for RTEMS_MULTIPROCESSING
==>
#include <rtems/score/cpuopts.h>
#ifndef RTEMS_MULTIPROCESSING
 #error RTEMS_MULTIPROCESSING is not defined
#endif
#if RTEMS_MULTIPROCESSING
 /* RTEMS_MULTIPROCESSING is true */
#else
 #error RTEMS_MULTIPROCESSING is false
#endif
int main() { return 0; }

<==
[1/2] Compiling [32mbuild/.conf_check_7646a78dc2efc01234a08e49d10b5b16/test.c[0m

['/home/c/development/rtems/rtems-4.12/bin/arm-rtems4.12-gcc', '-qrtems', '-B/home/c/development/rtems/rtems-4.12/arm-rtems4.12/lib/', '-B/home/c/development/rtems/rtems-4.12/arm-rtems4.12/beagleboneblack/lib/', '--specs', 'bsp_specs', '-mcpu=cortex-a8', '-mcpu=cortex-a8', '-ffunction-sections', '-ffunction-sections', '-fdata-sections', '-fdata-sections', '-DHAVE_RTEMS_SCORE_CPUOPTS_H=1', '../test.c', '-c', '-o/home/c/development/rtems/rtems-libbsd/build/.conf_check_7646a78dc2efc01234a08e49d10b5b16/testbuild/test.c.1.o']
err: ../test.c:3:3: error: #error RTEMS_MULTIPROCESSING is not defined
  #error RTEMS_MULTIPROCESSING is not defined
   ^~~~~
../test.c:8:3: error: #error RTEMS_MULTIPROCESSING is false
  #error RTEMS_MULTIPROCESSING is false
   ^~~~~

from /home/c/development/rtems/rtems-libbsd: Test does not build: Traceback (most recent call last):
  File "/home/c/development/waf/.waf-1.9.6-f0747ab58da011e8fbf81cf356ab0bbc/waflib/Configure.py", line 324, in run_build
    bld.compile()
  File "/home/c/development/waf/.waf-1.9.6-f0747ab58da011e8fbf81cf356ab0bbc/waflib/Build.py", line 181, in compile
    raise Errors.BuildError(self.producer.error)
BuildError: Build failed
 -> task in 'testprog' failed with exit status 1 (run with -v to display more information)

no
from /home/c/development/rtems/rtems-libbsd: The configuration failed
--------------------------------------------
Checking for RTEMS_NEWLIB
==>
#include <rtems/score/cpuopts.h>
#ifndef RTEMS_NEWLIB
 #error RTEMS_NEWLIB is not defined
#endif
#if RTEMS_NEWLIB
 /* RTEMS_NEWLIB is true */
#else
 #error RTEMS_NEWLIB is false
#endif
int main() { return 0; }

<==
[1/2] Compiling [32mbuild/.conf_check_b46287fa6663d51966b28477b680a7e9/test.c[0m

['/home/c/development/rtems/rtems-4.12/bin/arm-rtems4.12-gcc', '-qrtems', '-B/home/c/development/rtems/rtems-4.12/arm-rtems4.12/lib/', '-B/home/c/development/rtems/rtems-4.12/arm-rtems4.12/beagleboneblack/lib/', '--specs', 'bsp_specs', '-mcpu=cortex-a8', '-mcpu=cortex-a8', '-ffunction-sections', '-ffunction-sections', '-fdata-sections', '-fdata-sections', '-DHAVE_RTEMS_SCORE_CPUOPTS_H=1', '../test.c', '-c', '-o/home/c/development/rtems/rtems-libbsd/build/.conf_check_b46287fa6663d51966b28477b680a7e9/testbuild/test.c.1.o']
[2/2] Linking [33mbuild/.conf_check_b46287fa6663d51966b28477b680a7e9/testbuild/testprog[0m

['/home/c/development/rtems/rtems-4.12/bin/arm-rtems4.12-gcc', '-qrtems', '-B/home/c/development/rtems/rtems-4.12/arm-rtems4.12/lib/', '-B/home/c/development/rtems/rtems-4.12/arm-rtems4.12/beagleboneblack/lib/', '--specs', 'bsp_specs', '-mcpu=cortex-a8', '-mcpu=cortex-a8', '-ffunction-sections', '-ffunction-sections', '-fdata-sections', '-fdata-sections', 'test.c.1.o', '-o/home/c/development/rtems/rtems-libbsd/build/.conf_check_b46287fa6663d51966b28477b680a7e9/testbuild/testprog', '-Wl,-Bstatic', '-Wl,-Bdynamic']
yes
--------------------------------------------
Checking for RTEMS_POSIX_API
==>
#include <rtems/score/cpuopts.h>
#ifndef RTEMS_POSIX_API
 #error RTEMS_POSIX_API is not defined
#endif
#if RTEMS_POSIX_API
 /* RTEMS_POSIX_API is true */
#else
 #error RTEMS_POSIX_API is false
#endif
int main() { return 0; }

<==
[1/2] Compiling [32mbuild/.conf_check_ad25dc3e273816d28ea9c27ded1190eb/test.c[0m

['/home/c/development/rtems/rtems-4.12/bin/arm-rtems4.12-gcc', '-qrtems', '-B/home/c/development/rtems/rtems-4.12/arm-rtems4.12/lib/', '-B/home/c/development/rtems/rtems-4.12/arm-rtems4.12/beagleboneblack/lib/', '--specs', 'bsp_specs', '-mcpu=cortex-a8', '-mcpu=cortex-a8', '-ffunction-sections', '-ffunction-sections', '-fdata-sections', '-fdata-sections', '-DHAVE_RTEMS_SCORE_CPUOPTS_H=1', '../test.c', '-c', '-o/home/c/development/rtems/rtems-libbsd/build/.conf_check_ad25dc3e273816d28ea9c27ded1190eb/testbuild/test.c.1.o']
[2/2] Linking [33mbuild/.conf_check_ad25dc3e273816d28ea9c27ded1190eb/testbuild/testprog[0m

['/home/c/development/rtems/rtems-4.12/bin/arm-rtems4.12-gcc', '-qrtems', '-B/home/c/development/rtems/rtems-4.12/arm-rtems4.12/lib/', '-B/home/c/development/rtems/rtems-4.12/arm-rtems4.12/beagleboneblack/lib/', '--specs', 'bsp_specs', '-mcpu=cortex-a8', '-mcpu=cortex-a8', '-ffunction-sections', '-ffunction-sections', '-fdata-sections', '-fdata-sections', 'test.c.1.o', '-o/home/c/development/rtems/rtems-libbsd/build/.conf_check_ad25dc3e273816d28ea9c27ded1190eb/testbuild/testprog', '-Wl,-Bstatic', '-Wl,-Bdynamic']
yes
--------------------------------------------
Checking for RTEMS_SMP
==>
#include <rtems/score/cpuopts.h>
#ifndef RTEMS_SMP
 #error RTEMS_SMP is not defined
#endif
#if RTEMS_SMP
 /* RTEMS_SMP is true */
#else
 #error RTEMS_SMP is false
#endif
int main() { return 0; }

<==
[1/2] Compiling [32mbuild/.conf_check_3040e1e93f81e2e32d78f6d3477f989b/test.c[0m

['/home/c/development/rtems/rtems-4.12/bin/arm-rtems4.12-gcc', '-qrtems', '-B/home/c/development/rtems/rtems-4.12/arm-rtems4.12/lib/', '-B/home/c/development/rtems/rtems-4.12/arm-rtems4.12/beagleboneblack/lib/', '--specs', 'bsp_specs', '-mcpu=cortex-a8', '-mcpu=cortex-a8', '-ffunction-sections', '-ffunction-sections', '-fdata-sections', '-fdata-sections', '-DHAVE_RTEMS_SCORE_CPUOPTS_H=1', '../test.c', '-c', '-o/home/c/development/rtems/rtems-libbsd/build/.conf_check_3040e1e93f81e2e32d78f6d3477f989b/testbuild/test.c.1.o']
err: ../test.c:3:3: error: #error RTEMS_SMP is not defined
  #error RTEMS_SMP is not defined
   ^~~~~
../test.c:8:3: error: #error RTEMS_SMP is false
  #error RTEMS_SMP is false
   ^~~~~

from /home/c/development/rtems/rtems-libbsd: Test does not build: Traceback (most recent call last):
  File "/home/c/development/waf/.waf-1.9.6-f0747ab58da011e8fbf81cf356ab0bbc/waflib/Configure.py", line 324, in run_build
    bld.compile()
  File "/home/c/development/waf/.waf-1.9.6-f0747ab58da011e8fbf81cf356ab0bbc/waflib/Build.py", line 181, in compile
    raise Errors.BuildError(self.producer.error)
BuildError: Build failed
 -> task in 'testprog' failed with exit status 1 (run with -v to display more information)

no
from /home/c/development/rtems/rtems-libbsd: The configuration failed
--------------------------------------------
Checking for RTEMS_NETWORKING
==>
#include <rtems/score/cpuopts.h>
#ifndef RTEMS_NETWORKING
 #error RTEMS_NETWORKING is not defined
#endif
#if RTEMS_NETWORKING
 /* RTEMS_NETWORKING is true */
#else
 #error RTEMS_NETWORKING is false
#endif
int main() { return 0; }

<==
[1/2] Compiling [32mbuild/.conf_check_1e1f931475f866754696c3bb12fb513a/test.c[0m

['/home/c/development/rtems/rtems-4.12/bin/arm-rtems4.12-gcc', '-qrtems', '-B/home/c/development/rtems/rtems-4.12/arm-rtems4.12/lib/', '-B/home/c/development/rtems/rtems-4.12/arm-rtems4.12/beagleboneblack/lib/', '--specs', 'bsp_specs', '-mcpu=cortex-a8', '-mcpu=cortex-a8', '-ffunction-sections', '-ffunction-sections', '-fdata-sections', '-fdata-sections', '-DHAVE_RTEMS_SCORE_CPUOPTS_H=1', '../test.c', '-c', '-o/home/c/development/rtems/rtems-libbsd/build/.conf_check_1e1f931475f866754696c3bb12fb513a/testbuild/test.c.1.o']
err: ../test.c:3:3: error: #error RTEMS_NETWORKING is not defined
  #error RTEMS_NETWORKING is not defined
   ^~~~~
../test.c:8:3: error: #error RTEMS_NETWORKING is false
  #error RTEMS_NETWORKING is false
   ^~~~~

from /home/c/development/rtems/rtems-libbsd: Test does not build: Traceback (most recent call last):
  File "/home/c/development/waf/.waf-1.9.6-f0747ab58da011e8fbf81cf356ab0bbc/waflib/Configure.py", line 324, in run_build
    bld.compile()
  File "/home/c/development/waf/.waf-1.9.6-f0747ab58da011e8fbf81cf356ab0bbc/waflib/Build.py", line 181, in compile
    raise Errors.BuildError(self.producer.error)
BuildError: Build failed
 -> task in 'testprog' failed with exit status 1 (run with -v to display more information)

no
from /home/c/development/rtems/rtems-libbsd: The configuration failed
--------------------------------------------
Checking for RTEMS header
started
==>
#include <rtems.h>

int main(int argc, char **argv) {
	(void)argc; (void)argv;
	return 0;
}

<==
[1/2] Compiling [32mbuild/.conf_check_1f7a3cc20b4f24515618bce1168fe5d2/test.cpp[0m

['/home/c/development/rtems/rtems-4.12/bin/arm-rtems4.12-g++', '-qrtems', '-B/home/c/development/rtems/rtems-4.12/arm-rtems4.12/lib/', '-B/home/c/development/rtems/rtems-4.12/arm-rtems4.12/beagleboneblack/lib/', '--specs', 'bsp_specs', '-mcpu=cortex-a8', '-mcpu=cortex-a8', '-ffunction-sections', '-ffunction-sections', '-fdata-sections', '-fdata-sections', '-DHAVE_RTEMS_SCORE_CPUOPTS_H=1', '../test.cpp', '-c', '-o/home/c/development/rtems/rtems-libbsd/build/.conf_check_1f7a3cc20b4f24515618bce1168fe5d2/testbuild/test.cpp.1.o']
[2/2] Linking [33mbuild/.conf_check_1f7a3cc20b4f24515618bce1168fe5d2/testbuild/testprog[0m

['/home/c/development/rtems/rtems-4.12/bin/arm-rtems4.12-g++', '-qrtems', '-B/home/c/development/rtems/rtems-4.12/arm-rtems4.12/lib/', '-B/home/c/development/rtems/rtems-4.12/arm-rtems4.12/beagleboneblack/lib/', '--specs', 'bsp_specs', '-mcpu=cortex-a8', '-mcpu=cortex-a8', '-ffunction-sections', '-ffunction-sections', '-fdata-sections', '-fdata-sections', 'test.cpp.1.o', '-o/home/c/development/rtems/rtems-libbsd/build/.conf_check_1f7a3cc20b4f24515618bce1168fe5d2/testbuild/testprog', '-Wl,-Bstatic', '-Wl,-Bdynamic']
--------------------------------------------
-> processing test results
all ok
--------------------------------------------
Checking for header rtems/rtems-debugger.h
==>
#include <rtems/rtems-debugger.h>

int main(int argc, char **argv) {
	(void)argc; (void)argv;
	return 0;
}

<==
[1/1] Compiling [32mbuild/.conf_check_77055f93f25427c6a6e9407cfca7111b/test.c[0m

['/home/c/development/rtems/rtems-4.12/bin/arm-rtems4.12-gcc', '-qrtems', '-B/home/c/development/rtems/rtems-4.12/arm-rtems4.12/lib/', '-B/home/c/development/rtems/rtems-4.12/arm-rtems4.12/beagleboneblack/lib/', '--specs', 'bsp_specs', '-mcpu=cortex-a8', '-mcpu=cortex-a8', '-ffunction-sections', '-ffunction-sections', '-fdata-sections', '-fdata-sections', '-DHAVE_RTEMS_SCORE_CPUOPTS_H=1', '-DHAVE_RTEMS_H=1', '../test.c', '-c', '-o/home/c/development/rtems/rtems-libbsd/build/.conf_check_77055f93f25427c6a6e9407cfca7111b/testbuild/test.c.1.o']
yes
